<?xml version="1.0" encoding="UTF-8" ?>
<testsuite tests="5" failures="0" name="io.github.hengyunabc.zabbix.api.test.DefaultZabbixApiTest" time="337.641" errors="5" skipped="0">
  <properties>
    <property name="idea.version" value="14.0.1"/>
    <property name="java.runtime.name" value="Java(TM) SE Runtime Environment"/>
    <property name="sun.boot.library.path" value="C:\Program Files\Java\jdk1.8.0_65\jre\bin"/>
    <property name="java.vm.version" value="25.65-b01"/>
    <property name="java.vm.vendor" value="Oracle Corporation"/>
    <property name="java.vendor.url" value="http://java.oracle.com/"/>
    <property name="path.separator" value=";"/>
    <property name="guice.disable.misplaced.annotation.check" value="true"/>
    <property name="java.vm.name" value="Java HotSpot(TM) 64-Bit Server VM"/>
    <property name="file.encoding.pkg" value="sun.io"/>
    <property name="idea.launcher.port" value="7533"/>
    <property name="user.script" value=""/>
    <property name="user.country" value="RU"/>
    <property name="sun.java.launcher" value="SUN_STANDARD"/>
    <property name="sun.os.patch.level" value="Service Pack 1"/>
    <property name="java.vm.specification.name" value="Java Virtual Machine Specification"/>
    <property name="user.dir" value="C:\Users\VSKryukov\Google Диск\Zabbix API"/>
    <property name="java.runtime.version" value="1.8.0_65-b17"/>
    <property name="java.awt.graphicsenv" value="sun.awt.Win32GraphicsEnvironment"/>
    <property name="java.endorsed.dirs" value="C:\Program Files\Java\jdk1.8.0_65\jre\lib\endorsed"/>
    <property name="os.arch" value="amd64"/>
    <property name="java.io.tmpdir" value="C:\Users\VSKRYU~1\AppData\Local\Temp\"/>
    <property name="line.separator" value="
"/>
    <property name="java.vm.specification.vendor" value="Oracle Corporation"/>
    <property name="user.variant" value=""/>
    <property name="os.name" value="Windows 7"/>
    <property name="classworlds.conf" value="C:\apache-maven-3.1.1\bin\m2.conf"/>
    <property name="sun.jnu.encoding" value="Cp1251"/>
    <property name="java.library.path" value="C:\Program Files\Java\jdk1.8.0_65\bin;C:\Windows\Sun\Java\bin;C:\Windows\system32;C:\Windows;C:\Windows;C:\Windows\System32;C:\Windows\System32\wbem;C:\Windows\System32\WindowsPowerShell\v1.0;C:\Windows\System32\Windows System Resource Manager\bin;C:\Windows\idmu\common;C:\Program Files (x86)\Python26;C:\ProgramData\Oracle\Java\javapath;C:\oracle\product\11.2.0\client_1\bin;C:\Program Files (x86)\Skype\Phone;C:\apache-maven-3.1.1\bin;C:\Program Files\Java\jdk1.8.0_65\bin;C:\Program Files\TortoiseSVN\bin;C:\Program Files (x86)\Git\cmd;C:\Program Files (x86)\WinSCP;C:\Program Files (x86)\Skype\Phone\;."/>
    <property name="java.specification.name" value="Java Platform API Specification"/>
    <property name="java.class.version" value="52.0"/>
    <property name="sun.management.compiler" value="HotSpot 64-Bit Tiered Compilers"/>
    <property name="os.version" value="6.1"/>
    <property name="user.home" value="C:\Users\VSKryukov"/>
    <property name="user.timezone" value="Europe/Moscow"/>
    <property name="java.awt.printerjob" value="sun.awt.windows.WPrinterJob"/>
    <property name="java.specification.version" value="1.8"/>
    <property name="idea.launcher.bin.path" value="C:\Program Files (x86)\JetBrains\IntelliJ IDEA 14.0.1\bin"/>
    <property name="file.encoding" value="UTF-8"/>
    <property name="user.name" value="VSKryukov"/>
    <property name="java.class.path" value="C:\apache-maven-3.1.1\boot\plexus-classworlds-2.5.1.jar;C:\Program Files (x86)\JetBrains\IntelliJ IDEA 14.0.1\lib\idea_rt.jar"/>
    <property name="org.slf4j.simpleLogger.defaultLogLevel" value="info"/>
    <property name="java.vm.specification.version" value="1.8"/>
    <property name="sun.arch.data.model" value="64"/>
    <property name="java.home" value="C:\Program Files\Java\jdk1.8.0_65\jre"/>
    <property name="sun.java.command" value="com.intellij.rt.execution.application.AppMain org.codehaus.classworlds.Launcher -Didea.version=14.0.1 install"/>
    <property name="java.specification.vendor" value="Oracle Corporation"/>
    <property name="user.language" value="ru"/>
    <property name="awt.toolkit" value="sun.awt.windows.WToolkit"/>
    <property name="java.vm.info" value="mixed mode"/>
    <property name="java.version" value="1.8.0_65"/>
    <property name="java.ext.dirs" value="C:\Program Files\Java\jdk1.8.0_65\jre\lib\ext;C:\Windows\Sun\Java\lib\ext"/>
    <property name="sun.boot.class.path" value="C:\Program Files\Java\jdk1.8.0_65\jre\lib\resources.jar;C:\Program Files\Java\jdk1.8.0_65\jre\lib\rt.jar;C:\Program Files\Java\jdk1.8.0_65\jre\lib\sunrsasign.jar;C:\Program Files\Java\jdk1.8.0_65\jre\lib\jsse.jar;C:\Program Files\Java\jdk1.8.0_65\jre\lib\jce.jar;C:\Program Files\Java\jdk1.8.0_65\jre\lib\charsets.jar;C:\Program Files\Java\jdk1.8.0_65\jre\lib\jfr.jar;C:\Program Files\Java\jdk1.8.0_65\jre\classes"/>
    <property name="java.vendor" value="Oracle Corporation"/>
    <property name="maven.home" value="C:\apache-maven-3.1.1"/>
    <property name="file.separator" value="\"/>
    <property name="java.vendor.url.bug" value="http://bugreport.sun.com/bugreport/"/>
    <property name="sun.cpu.endian" value="little"/>
    <property name="sun.io.unicode.encoding" value="UnicodeLittle"/>
    <property name="sun.desktop" value="windows"/>
    <property name="sun.cpu.isalist" value="amd64"/>
  </properties>
  <testcase classname="io.github.hengyunabc.zabbix.api.test.DefaultZabbixApiTest" name="testLogin" time="85.027">
    <error message="DefaultZabbixApi call exception!" type="java.lang.RuntimeException">java.lang.RuntimeException: DefaultZabbixApi call exception!
	at io.github.hengyunabc.zabbix.api.DefaultZabbixApi.call(DefaultZabbixApi.java:147)
	at io.github.hengyunabc.zabbix.api.DefaultZabbixApi.login(DefaultZabbixApi.java:74)
	at io.github.hengyunabc.zabbix.api.test.DefaultZabbixApiTest.testLogin(DefaultZabbixApiTest.java:44)
	at sun.reflect.NativeMethodAccessorImpl.invoke0(Native Method)
	at sun.reflect.NativeMethodAccessorImpl.invoke(NativeMethodAccessorImpl.java:62)
	at sun.reflect.DelegatingMethodAccessorImpl.invoke(DelegatingMethodAccessorImpl.java:43)
	at java.lang.reflect.Method.invoke(Method.java:497)
	at org.junit.runners.model.FrameworkMethod$1.runReflectiveCall(FrameworkMethod.java:47)
	at org.junit.internal.runners.model.ReflectiveCallable.run(ReflectiveCallable.java:12)
	at org.junit.runners.model.FrameworkMethod.invokeExplosively(FrameworkMethod.java:44)
	at org.junit.internal.runners.statements.InvokeMethod.evaluate(InvokeMethod.java:17)
	at org.junit.internal.runners.statements.RunBefores.evaluate(RunBefores.java:26)
	at org.junit.internal.runners.statements.RunAfters.evaluate(RunAfters.java:27)
	at org.junit.runners.ParentRunner.runLeaf(ParentRunner.java:271)
	at org.junit.runners.BlockJUnit4ClassRunner.runChild(BlockJUnit4ClassRunner.java:70)
	at org.junit.runners.BlockJUnit4ClassRunner.runChild(BlockJUnit4ClassRunner.java:50)
	at org.junit.runners.ParentRunner$3.run(ParentRunner.java:238)
	at org.junit.runners.ParentRunner$1.schedule(ParentRunner.java:63)
	at org.junit.runners.ParentRunner.runChildren(ParentRunner.java:236)
	at org.junit.runners.ParentRunner.access$000(ParentRunner.java:53)
	at org.junit.runners.ParentRunner$2.evaluate(ParentRunner.java:229)
	at org.junit.runners.ParentRunner.run(ParentRunner.java:309)
	at org.apache.maven.surefire.junit4.JUnit4Provider.execute(JUnit4Provider.java:252)
	at org.apache.maven.surefire.junit4.JUnit4Provider.executeTestSet(JUnit4Provider.java:141)
	at org.apache.maven.surefire.junit4.JUnit4Provider.invoke(JUnit4Provider.java:112)
	at sun.reflect.NativeMethodAccessorImpl.invoke0(Native Method)
	at sun.reflect.NativeMethodAccessorImpl.invoke(NativeMethodAccessorImpl.java:62)
	at sun.reflect.DelegatingMethodAccessorImpl.invoke(DelegatingMethodAccessorImpl.java:43)
	at java.lang.reflect.Method.invoke(Method.java:497)
	at org.apache.maven.surefire.util.ReflectionUtils.invokeMethodWithArray(ReflectionUtils.java:189)
	at org.apache.maven.surefire.booter.ProviderFactory$ProviderProxy.invoke(ProviderFactory.java:165)
	at org.apache.maven.surefire.booter.ProviderFactory.invokeProvider(ProviderFactory.java:85)
	at org.apache.maven.surefire.booter.ForkedBooter.runSuitesInProcess(ForkedBooter.java:115)
	at org.apache.maven.surefire.booter.ForkedBooter.main(ForkedBooter.java:75)
Caused by: java.net.SocketException: Network is unreachable: connect
	at java.net.DualStackPlainSocketImpl.connect0(Native Method)
	at java.net.DualStackPlainSocketImpl.socketConnect(DualStackPlainSocketImpl.java:79)
	at java.net.AbstractPlainSocketImpl.doConnect(AbstractPlainSocketImpl.java:350)
	at java.net.AbstractPlainSocketImpl.connectToAddress(AbstractPlainSocketImpl.java:206)
	at java.net.AbstractPlainSocketImpl.connect(AbstractPlainSocketImpl.java:188)
	at java.net.PlainSocketImpl.connect(PlainSocketImpl.java:172)
	at java.net.SocksSocketImpl.connect(SocksSocketImpl.java:392)
	at java.net.Socket.connect(Socket.java:589)
	at org.apache.http.conn.socket.PlainConnectionSocketFactory.connectSocket(PlainConnectionSocketFactory.java:72)
	at org.apache.http.impl.conn.HttpClientConnectionOperator.connect(HttpClientConnectionOperator.java:125)
	at org.apache.http.impl.conn.PoolingHttpClientConnectionManager.connect(PoolingHttpClientConnectionManager.java:319)
	at org.apache.http.impl.execchain.MainClientExec.establishRoute(MainClientExec.java:363)
	at org.apache.http.impl.execchain.MainClientExec.execute(MainClientExec.java:219)
	at org.apache.http.impl.execchain.ProtocolExec.execute(ProtocolExec.java:195)
	at org.apache.http.impl.execchain.RetryExec.execute(RetryExec.java:86)
	at org.apache.http.impl.execchain.RedirectExec.execute(RedirectExec.java:108)
	at org.apache.http.impl.client.InternalHttpClient.doExecute(InternalHttpClient.java:184)
	at org.apache.http.impl.client.CloseableHttpClient.execute(CloseableHttpClient.java:82)
	at org.apache.http.impl.client.CloseableHttpClient.execute(CloseableHttpClient.java:106)
	at io.github.hengyunabc.zabbix.api.DefaultZabbixApi.call(DefaultZabbixApi.java:142)
	... 33 more
</error>
    <system-out>14:13:42.644 [main] DEBUG o.a.h.c.protocol.RequestAddCookies - CookieSpec selected: best-match
14:13:42.659 [main] DEBUG o.a.h.c.protocol.RequestAuthCache - Auth cache not set in the context
14:13:42.661 [main] DEBUG o.a.h.i.c.PoolingHttpClientConnectionManager - Connection request: [route: {}-&gt;http://192.168.90.102:80][total kept alive: 0; route allocated: 0 of 2; total allocated: 0 of 20]
14:13:42.676 [main] DEBUG o.a.h.i.c.PoolingHttpClientConnectionManager - Connection leased: [id: 0][route: {}-&gt;http://192.168.90.102:80][total kept alive: 0; route allocated: 1 of 2; total allocated: 1 of 20]
14:13:42.678 [main] DEBUG o.a.h.impl.execchain.MainClientExec - Opening connection {}-&gt;http://192.168.90.102:80
14:13:42.682 [main] DEBUG o.a.h.i.c.HttpClientConnectionOperator - Connecting to /192.168.90.102:80
14:14:03.693 [main] DEBUG o.a.h.i.c.DefaultManagedHttpClientConnection - http-outgoing-0: Shutdown connection
14:14:03.693 [main] DEBUG o.a.h.impl.execchain.MainClientExec - Connection discarded
14:14:03.693 [main] DEBUG o.a.h.i.c.DefaultManagedHttpClientConnection - http-outgoing-0: Close connection
14:14:03.694 [main] DEBUG o.a.h.i.c.PoolingHttpClientConnectionManager - Connection released: [id: 0][route: {}-&gt;http://192.168.90.102:80][total kept alive: 0; route allocated: 0 of 2; total allocated: 0 of 20]
14:14:03.695 [main] INFO  o.a.http.impl.execchain.RetryExec - I/O exception (java.net.SocketException) caught when processing request to {}-&gt;http://192.168.90.102:80: Network is unreachable: connect
14:14:03.703 [main] DEBUG o.a.http.impl.execchain.RetryExec - Network is unreachable: connect
java.net.SocketException: Network is unreachable: connect
	at java.net.DualStackPlainSocketImpl.connect0(Native Method) ~[na:1.8.0_65]
	at java.net.DualStackPlainSocketImpl.socketConnect(DualStackPlainSocketImpl.java:79) ~[na:1.8.0_65]
	at java.net.AbstractPlainSocketImpl.doConnect(AbstractPlainSocketImpl.java:350) ~[na:1.8.0_65]
	at java.net.AbstractPlainSocketImpl.connectToAddress(AbstractPlainSocketImpl.java:206) ~[na:1.8.0_65]
	at java.net.AbstractPlainSocketImpl.connect(AbstractPlainSocketImpl.java:188) ~[na:1.8.0_65]
	at java.net.PlainSocketImpl.connect(PlainSocketImpl.java:172) ~[na:1.8.0_65]
	at java.net.SocksSocketImpl.connect(SocksSocketImpl.java:392) ~[na:1.8.0_65]
	at java.net.Socket.connect(Socket.java:589) ~[na:1.8.0_65]
	at org.apache.http.conn.socket.PlainConnectionSocketFactory.connectSocket(PlainConnectionSocketFactory.java:72) ~[httpclient-4.3.6.jar:4.3.6]
	at org.apache.http.impl.conn.HttpClientConnectionOperator.connect(HttpClientConnectionOperator.java:125) ~[httpclient-4.3.6.jar:4.3.6]
	at org.apache.http.impl.conn.PoolingHttpClientConnectionManager.connect(PoolingHttpClientConnectionManager.java:319) ~[httpclient-4.3.6.jar:4.3.6]
	at org.apache.http.impl.execchain.MainClientExec.establishRoute(MainClientExec.java:363) ~[httpclient-4.3.6.jar:4.3.6]
	at org.apache.http.impl.execchain.MainClientExec.execute(MainClientExec.java:219) ~[httpclient-4.3.6.jar:4.3.6]
	at org.apache.http.impl.execchain.ProtocolExec.execute(ProtocolExec.java:195) ~[httpclient-4.3.6.jar:4.3.6]
	at org.apache.http.impl.execchain.RetryExec.execute(RetryExec.java:86) ~[httpclient-4.3.6.jar:4.3.6]
	at org.apache.http.impl.execchain.RedirectExec.execute(RedirectExec.java:108) [httpclient-4.3.6.jar:4.3.6]
	at org.apache.http.impl.client.InternalHttpClient.doExecute(InternalHttpClient.java:184) [httpclient-4.3.6.jar:4.3.6]
	at org.apache.http.impl.client.CloseableHttpClient.execute(CloseableHttpClient.java:82) [httpclient-4.3.6.jar:4.3.6]
	at org.apache.http.impl.client.CloseableHttpClient.execute(CloseableHttpClient.java:106) [httpclient-4.3.6.jar:4.3.6]
	at io.github.hengyunabc.zabbix.api.DefaultZabbixApi.call(DefaultZabbixApi.java:142) [classes/:na]
	at io.github.hengyunabc.zabbix.api.DefaultZabbixApi.login(DefaultZabbixApi.java:74) [classes/:na]
	at io.github.hengyunabc.zabbix.api.test.DefaultZabbixApiTest.testLogin(DefaultZabbixApiTest.java:44) [test-classes/:na]
	at sun.reflect.NativeMethodAccessorImpl.invoke0(Native Method) ~[na:1.8.0_65]
	at sun.reflect.NativeMethodAccessorImpl.invoke(NativeMethodAccessorImpl.java:62) ~[na:1.8.0_65]
	at sun.reflect.DelegatingMethodAccessorImpl.invoke(DelegatingMethodAccessorImpl.java:43) ~[na:1.8.0_65]
	at java.lang.reflect.Method.invoke(Method.java:497) ~[na:1.8.0_65]
	at org.junit.runners.model.FrameworkMethod$1.runReflectiveCall(FrameworkMethod.java:47) [junit-4.11.jar:na]
	at org.junit.internal.runners.model.ReflectiveCallable.run(ReflectiveCallable.java:12) [junit-4.11.jar:na]
	at org.junit.runners.model.FrameworkMethod.invokeExplosively(FrameworkMethod.java:44) [junit-4.11.jar:na]
	at org.junit.internal.runners.statements.InvokeMethod.evaluate(InvokeMethod.java:17) [junit-4.11.jar:na]
	at org.junit.internal.runners.statements.RunBefores.evaluate(RunBefores.java:26) [junit-4.11.jar:na]
	at org.junit.internal.runners.statements.RunAfters.evaluate(RunAfters.java:27) [junit-4.11.jar:na]
	at org.junit.runners.ParentRunner.runLeaf(ParentRunner.java:271) [junit-4.11.jar:na]
	at org.junit.runners.BlockJUnit4ClassRunner.runChild(BlockJUnit4ClassRunner.java:70) [junit-4.11.jar:na]
	at org.junit.runners.BlockJUnit4ClassRunner.runChild(BlockJUnit4ClassRunner.java:50) [junit-4.11.jar:na]
	at org.junit.runners.ParentRunner$3.run(ParentRunner.java:238) [junit-4.11.jar:na]
	at org.junit.runners.ParentRunner$1.schedule(ParentRunner.java:63) [junit-4.11.jar:na]
	at org.junit.runners.ParentRunner.runChildren(ParentRunner.java:236) [junit-4.11.jar:na]
	at org.junit.runners.ParentRunner.access$000(ParentRunner.java:53) [junit-4.11.jar:na]
	at org.junit.runners.ParentRunner$2.evaluate(ParentRunner.java:229) [junit-4.11.jar:na]
	at org.junit.runners.ParentRunner.run(ParentRunner.java:309) [junit-4.11.jar:na]
	at org.apache.maven.surefire.junit4.JUnit4Provider.execute(JUnit4Provider.java:252) [surefire-junit4-2.12.4.jar:2.12.4]
	at org.apache.maven.surefire.junit4.JUnit4Provider.executeTestSet(JUnit4Provider.java:141) [surefire-junit4-2.12.4.jar:2.12.4]
	at org.apache.maven.surefire.junit4.JUnit4Provider.invoke(JUnit4Provider.java:112) [surefire-junit4-2.12.4.jar:2.12.4]
	at sun.reflect.NativeMethodAccessorImpl.invoke0(Native Method) ~[na:1.8.0_65]
	at sun.reflect.NativeMethodAccessorImpl.invoke(NativeMethodAccessorImpl.java:62) ~[na:1.8.0_65]
	at sun.reflect.DelegatingMethodAccessorImpl.invoke(DelegatingMethodAccessorImpl.java:43) ~[na:1.8.0_65]
	at java.lang.reflect.Method.invoke(Method.java:497) ~[na:1.8.0_65]
	at org.apache.maven.surefire.util.ReflectionUtils.invokeMethodWithArray(ReflectionUtils.java:189) [surefire-api-2.12.4.jar:2.12.4]
	at org.apache.maven.surefire.booter.ProviderFactory$ProviderProxy.invoke(ProviderFactory.java:165) [surefire-booter-2.12.4.jar:2.12.4]
	at org.apache.maven.surefire.booter.ProviderFactory.invokeProvider(ProviderFactory.java:85) [surefire-booter-2.12.4.jar:2.12.4]
	at org.apache.maven.surefire.booter.ForkedBooter.runSuitesInProcess(ForkedBooter.java:115) [surefire-booter-2.12.4.jar:2.12.4]
	at org.apache.maven.surefire.booter.ForkedBooter.main(ForkedBooter.java:75) [surefire-booter-2.12.4.jar:2.12.4]
14:14:03.704 [main] INFO  o.a.http.impl.execchain.RetryExec - Retrying request to {}-&gt;http://192.168.90.102:80
14:14:03.704 [main] DEBUG o.a.h.c.protocol.RequestAddCookies - CookieSpec selected: best-match
14:14:03.704 [main] DEBUG o.a.h.c.protocol.RequestAuthCache - Auth cache not set in the context
14:14:03.704 [main] DEBUG o.a.h.i.c.PoolingHttpClientConnectionManager - Connection request: [route: {}-&gt;http://192.168.90.102:80][total kept alive: 0; route allocated: 0 of 2; total allocated: 0 of 20]
14:14:03.704 [main] DEBUG o.a.h.i.c.PoolingHttpClientConnectionManager - Connection leased: [id: 1][route: {}-&gt;http://192.168.90.102:80][total kept alive: 0; route allocated: 1 of 2; total allocated: 1 of 20]
14:14:03.705 [main] DEBUG o.a.h.impl.execchain.MainClientExec - Opening connection {}-&gt;http://192.168.90.102:80
14:14:03.705 [main] DEBUG o.a.h.i.c.HttpClientConnectionOperator - Connecting to /192.168.90.102:80
14:14:24.814 [main] DEBUG o.a.h.i.c.DefaultManagedHttpClientConnection - http-outgoing-1: Shutdown connection
14:14:24.814 [main] DEBUG o.a.h.impl.execchain.MainClientExec - Connection discarded
14:14:24.814 [main] DEBUG o.a.h.i.c.DefaultManagedHttpClientConnection - http-outgoing-1: Close connection
14:14:24.815 [main] DEBUG o.a.h.i.c.PoolingHttpClientConnectionManager - Connection released: [id: 1][route: {}-&gt;http://192.168.90.102:80][total kept alive: 0; route allocated: 0 of 2; total allocated: 0 of 20]
14:14:24.815 [main] INFO  o.a.http.impl.execchain.RetryExec - I/O exception (java.net.SocketException) caught when processing request to {}-&gt;http://192.168.90.102:80: Network is unreachable: connect
14:14:24.816 [main] DEBUG o.a.http.impl.execchain.RetryExec - Network is unreachable: connect
java.net.SocketException: Network is unreachable: connect
	at java.net.DualStackPlainSocketImpl.connect0(Native Method) ~[na:1.8.0_65]
	at java.net.DualStackPlainSocketImpl.socketConnect(DualStackPlainSocketImpl.java:79) ~[na:1.8.0_65]
	at java.net.AbstractPlainSocketImpl.doConnect(AbstractPlainSocketImpl.java:350) ~[na:1.8.0_65]
	at java.net.AbstractPlainSocketImpl.connectToAddress(AbstractPlainSocketImpl.java:206) ~[na:1.8.0_65]
	at java.net.AbstractPlainSocketImpl.connect(AbstractPlainSocketImpl.java:188) ~[na:1.8.0_65]
	at java.net.PlainSocketImpl.connect(PlainSocketImpl.java:172) ~[na:1.8.0_65]
	at java.net.SocksSocketImpl.connect(SocksSocketImpl.java:392) ~[na:1.8.0_65]
	at java.net.Socket.connect(Socket.java:589) ~[na:1.8.0_65]
	at org.apache.http.conn.socket.PlainConnectionSocketFactory.connectSocket(PlainConnectionSocketFactory.java:72) ~[httpclient-4.3.6.jar:4.3.6]
	at org.apache.http.impl.conn.HttpClientConnectionOperator.connect(HttpClientConnectionOperator.java:125) ~[httpclient-4.3.6.jar:4.3.6]
	at org.apache.http.impl.conn.PoolingHttpClientConnectionManager.connect(PoolingHttpClientConnectionManager.java:319) ~[httpclient-4.3.6.jar:4.3.6]
	at org.apache.http.impl.execchain.MainClientExec.establishRoute(MainClientExec.java:363) ~[httpclient-4.3.6.jar:4.3.6]
	at org.apache.http.impl.execchain.MainClientExec.execute(MainClientExec.java:219) ~[httpclient-4.3.6.jar:4.3.6]
	at org.apache.http.impl.execchain.ProtocolExec.execute(ProtocolExec.java:195) ~[httpclient-4.3.6.jar:4.3.6]
	at org.apache.http.impl.execchain.RetryExec.execute(RetryExec.java:86) ~[httpclient-4.3.6.jar:4.3.6]
	at org.apache.http.impl.execchain.RedirectExec.execute(RedirectExec.java:108) [httpclient-4.3.6.jar:4.3.6]
	at org.apache.http.impl.client.InternalHttpClient.doExecute(InternalHttpClient.java:184) [httpclient-4.3.6.jar:4.3.6]
	at org.apache.http.impl.client.CloseableHttpClient.execute(CloseableHttpClient.java:82) [httpclient-4.3.6.jar:4.3.6]
	at org.apache.http.impl.client.CloseableHttpClient.execute(CloseableHttpClient.java:106) [httpclient-4.3.6.jar:4.3.6]
	at io.github.hengyunabc.zabbix.api.DefaultZabbixApi.call(DefaultZabbixApi.java:142) [classes/:na]
	at io.github.hengyunabc.zabbix.api.DefaultZabbixApi.login(DefaultZabbixApi.java:74) [classes/:na]
	at io.github.hengyunabc.zabbix.api.test.DefaultZabbixApiTest.testLogin(DefaultZabbixApiTest.java:44) [test-classes/:na]
	at sun.reflect.NativeMethodAccessorImpl.invoke0(Native Method) ~[na:1.8.0_65]
	at sun.reflect.NativeMethodAccessorImpl.invoke(NativeMethodAccessorImpl.java:62) ~[na:1.8.0_65]
	at sun.reflect.DelegatingMethodAccessorImpl.invoke(DelegatingMethodAccessorImpl.java:43) ~[na:1.8.0_65]
	at java.lang.reflect.Method.invoke(Method.java:497) ~[na:1.8.0_65]
	at org.junit.runners.model.FrameworkMethod$1.runReflectiveCall(FrameworkMethod.java:47) [junit-4.11.jar:na]
	at org.junit.internal.runners.model.ReflectiveCallable.run(ReflectiveCallable.java:12) [junit-4.11.jar:na]
	at org.junit.runners.model.FrameworkMethod.invokeExplosively(FrameworkMethod.java:44) [junit-4.11.jar:na]
	at org.junit.internal.runners.statements.InvokeMethod.evaluate(InvokeMethod.java:17) [junit-4.11.jar:na]
	at org.junit.internal.runners.statements.RunBefores.evaluate(RunBefores.java:26) [junit-4.11.jar:na]
	at org.junit.internal.runners.statements.RunAfters.evaluate(RunAfters.java:27) [junit-4.11.jar:na]
	at org.junit.runners.ParentRunner.runLeaf(ParentRunner.java:271) [junit-4.11.jar:na]
	at org.junit.runners.BlockJUnit4ClassRunner.runChild(BlockJUnit4ClassRunner.java:70) [junit-4.11.jar:na]
	at org.junit.runners.BlockJUnit4ClassRunner.runChild(BlockJUnit4ClassRunner.java:50) [junit-4.11.jar:na]
	at org.junit.runners.ParentRunner$3.run(ParentRunner.java:238) [junit-4.11.jar:na]
	at org.junit.runners.ParentRunner$1.schedule(ParentRunner.java:63) [junit-4.11.jar:na]
	at org.junit.runners.ParentRunner.runChildren(ParentRunner.java:236) [junit-4.11.jar:na]
	at org.junit.runners.ParentRunner.access$000(ParentRunner.java:53) [junit-4.11.jar:na]
	at org.junit.runners.ParentRunner$2.evaluate(ParentRunner.java:229) [junit-4.11.jar:na]
	at org.junit.runners.ParentRunner.run(ParentRunner.java:309) [junit-4.11.jar:na]
	at org.apache.maven.surefire.junit4.JUnit4Provider.execute(JUnit4Provider.java:252) [surefire-junit4-2.12.4.jar:2.12.4]
	at org.apache.maven.surefire.junit4.JUnit4Provider.executeTestSet(JUnit4Provider.java:141) [surefire-junit4-2.12.4.jar:2.12.4]
	at org.apache.maven.surefire.junit4.JUnit4Provider.invoke(JUnit4Provider.java:112) [surefire-junit4-2.12.4.jar:2.12.4]
	at sun.reflect.NativeMethodAccessorImpl.invoke0(Native Method) ~[na:1.8.0_65]
	at sun.reflect.NativeMethodAccessorImpl.invoke(NativeMethodAccessorImpl.java:62) ~[na:1.8.0_65]
	at sun.reflect.DelegatingMethodAccessorImpl.invoke(DelegatingMethodAccessorImpl.java:43) ~[na:1.8.0_65]
	at java.lang.reflect.Method.invoke(Method.java:497) ~[na:1.8.0_65]
	at org.apache.maven.surefire.util.ReflectionUtils.invokeMethodWithArray(ReflectionUtils.java:189) [surefire-api-2.12.4.jar:2.12.4]
	at org.apache.maven.surefire.booter.ProviderFactory$ProviderProxy.invoke(ProviderFactory.java:165) [surefire-booter-2.12.4.jar:2.12.4]
	at org.apache.maven.surefire.booter.ProviderFactory.invokeProvider(ProviderFactory.java:85) [surefire-booter-2.12.4.jar:2.12.4]
	at org.apache.maven.surefire.booter.ForkedBooter.runSuitesInProcess(ForkedBooter.java:115) [surefire-booter-2.12.4.jar:2.12.4]
	at org.apache.maven.surefire.booter.ForkedBooter.main(ForkedBooter.java:75) [surefire-booter-2.12.4.jar:2.12.4]
14:14:24.817 [main] INFO  o.a.http.impl.execchain.RetryExec - Retrying request to {}-&gt;http://192.168.90.102:80
14:14:24.818 [main] DEBUG o.a.h.c.protocol.RequestAddCookies - CookieSpec selected: best-match
14:14:24.819 [main] DEBUG o.a.h.c.protocol.RequestAuthCache - Auth cache not set in the context
14:14:24.819 [main] DEBUG o.a.h.i.c.PoolingHttpClientConnectionManager - Connection request: [route: {}-&gt;http://192.168.90.102:80][total kept alive: 0; route allocated: 0 of 2; total allocated: 0 of 20]
14:14:24.819 [main] DEBUG o.a.h.i.c.PoolingHttpClientConnectionManager - Connection leased: [id: 2][route: {}-&gt;http://192.168.90.102:80][total kept alive: 0; route allocated: 1 of 2; total allocated: 1 of 20]
14:14:24.819 [main] DEBUG o.a.h.impl.execchain.MainClientExec - Opening connection {}-&gt;http://192.168.90.102:80
14:14:24.819 [main] DEBUG o.a.h.i.c.HttpClientConnectionOperator - Connecting to /192.168.90.102:80
14:14:45.847 [main] DEBUG o.a.h.i.c.DefaultManagedHttpClientConnection - http-outgoing-2: Shutdown connection
14:14:45.847 [main] DEBUG o.a.h.impl.execchain.MainClientExec - Connection discarded
14:14:45.847 [main] DEBUG o.a.h.i.c.DefaultManagedHttpClientConnection - http-outgoing-2: Close connection
14:14:45.848 [main] DEBUG o.a.h.i.c.PoolingHttpClientConnectionManager - Connection released: [id: 2][route: {}-&gt;http://192.168.90.102:80][total kept alive: 0; route allocated: 0 of 2; total allocated: 0 of 20]
14:14:45.848 [main] INFO  o.a.http.impl.execchain.RetryExec - I/O exception (java.net.SocketException) caught when processing request to {}-&gt;http://192.168.90.102:80: Network is unreachable: connect
14:14:45.848 [main] DEBUG o.a.http.impl.execchain.RetryExec - Network is unreachable: connect
java.net.SocketException: Network is unreachable: connect
	at java.net.DualStackPlainSocketImpl.connect0(Native Method) ~[na:1.8.0_65]
	at java.net.DualStackPlainSocketImpl.socketConnect(DualStackPlainSocketImpl.java:79) ~[na:1.8.0_65]
	at java.net.AbstractPlainSocketImpl.doConnect(AbstractPlainSocketImpl.java:350) ~[na:1.8.0_65]
	at java.net.AbstractPlainSocketImpl.connectToAddress(AbstractPlainSocketImpl.java:206) ~[na:1.8.0_65]
	at java.net.AbstractPlainSocketImpl.connect(AbstractPlainSocketImpl.java:188) ~[na:1.8.0_65]
	at java.net.PlainSocketImpl.connect(PlainSocketImpl.java:172) ~[na:1.8.0_65]
	at java.net.SocksSocketImpl.connect(SocksSocketImpl.java:392) ~[na:1.8.0_65]
	at java.net.Socket.connect(Socket.java:589) ~[na:1.8.0_65]
	at org.apache.http.conn.socket.PlainConnectionSocketFactory.connectSocket(PlainConnectionSocketFactory.java:72) ~[httpclient-4.3.6.jar:4.3.6]
	at org.apache.http.impl.conn.HttpClientConnectionOperator.connect(HttpClientConnectionOperator.java:125) ~[httpclient-4.3.6.jar:4.3.6]
	at org.apache.http.impl.conn.PoolingHttpClientConnectionManager.connect(PoolingHttpClientConnectionManager.java:319) ~[httpclient-4.3.6.jar:4.3.6]
	at org.apache.http.impl.execchain.MainClientExec.establishRoute(MainClientExec.java:363) ~[httpclient-4.3.6.jar:4.3.6]
	at org.apache.http.impl.execchain.MainClientExec.execute(MainClientExec.java:219) ~[httpclient-4.3.6.jar:4.3.6]
	at org.apache.http.impl.execchain.ProtocolExec.execute(ProtocolExec.java:195) ~[httpclient-4.3.6.jar:4.3.6]
	at org.apache.http.impl.execchain.RetryExec.execute(RetryExec.java:86) ~[httpclient-4.3.6.jar:4.3.6]
	at org.apache.http.impl.execchain.RedirectExec.execute(RedirectExec.java:108) [httpclient-4.3.6.jar:4.3.6]
	at org.apache.http.impl.client.InternalHttpClient.doExecute(InternalHttpClient.java:184) [httpclient-4.3.6.jar:4.3.6]
	at org.apache.http.impl.client.CloseableHttpClient.execute(CloseableHttpClient.java:82) [httpclient-4.3.6.jar:4.3.6]
	at org.apache.http.impl.client.CloseableHttpClient.execute(CloseableHttpClient.java:106) [httpclient-4.3.6.jar:4.3.6]
	at io.github.hengyunabc.zabbix.api.DefaultZabbixApi.call(DefaultZabbixApi.java:142) [classes/:na]
	at io.github.hengyunabc.zabbix.api.DefaultZabbixApi.login(DefaultZabbixApi.java:74) [classes/:na]
	at io.github.hengyunabc.zabbix.api.test.DefaultZabbixApiTest.testLogin(DefaultZabbixApiTest.java:44) [test-classes/:na]
	at sun.reflect.NativeMethodAccessorImpl.invoke0(Native Method) ~[na:1.8.0_65]
	at sun.reflect.NativeMethodAccessorImpl.invoke(NativeMethodAccessorImpl.java:62) ~[na:1.8.0_65]
	at sun.reflect.DelegatingMethodAccessorImpl.invoke(DelegatingMethodAccessorImpl.java:43) ~[na:1.8.0_65]
	at java.lang.reflect.Method.invoke(Method.java:497) ~[na:1.8.0_65]
	at org.junit.runners.model.FrameworkMethod$1.runReflectiveCall(FrameworkMethod.java:47) [junit-4.11.jar:na]
	at org.junit.internal.runners.model.ReflectiveCallable.run(ReflectiveCallable.java:12) [junit-4.11.jar:na]
	at org.junit.runners.model.FrameworkMethod.invokeExplosively(FrameworkMethod.java:44) [junit-4.11.jar:na]
	at org.junit.internal.runners.statements.InvokeMethod.evaluate(InvokeMethod.java:17) [junit-4.11.jar:na]
	at org.junit.internal.runners.statements.RunBefores.evaluate(RunBefores.java:26) [junit-4.11.jar:na]
	at org.junit.internal.runners.statements.RunAfters.evaluate(RunAfters.java:27) [junit-4.11.jar:na]
	at org.junit.runners.ParentRunner.runLeaf(ParentRunner.java:271) [junit-4.11.jar:na]
	at org.junit.runners.BlockJUnit4ClassRunner.runChild(BlockJUnit4ClassRunner.java:70) [junit-4.11.jar:na]
	at org.junit.runners.BlockJUnit4ClassRunner.runChild(BlockJUnit4ClassRunner.java:50) [junit-4.11.jar:na]
	at org.junit.runners.ParentRunner$3.run(ParentRunner.java:238) [junit-4.11.jar:na]
	at org.junit.runners.ParentRunner$1.schedule(ParentRunner.java:63) [junit-4.11.jar:na]
	at org.junit.runners.ParentRunner.runChildren(ParentRunner.java:236) [junit-4.11.jar:na]
	at org.junit.runners.ParentRunner.access$000(ParentRunner.java:53) [junit-4.11.jar:na]
	at org.junit.runners.ParentRunner$2.evaluate(ParentRunner.java:229) [junit-4.11.jar:na]
	at org.junit.runners.ParentRunner.run(ParentRunner.java:309) [junit-4.11.jar:na]
	at org.apache.maven.surefire.junit4.JUnit4Provider.execute(JUnit4Provider.java:252) [surefire-junit4-2.12.4.jar:2.12.4]
	at org.apache.maven.surefire.junit4.JUnit4Provider.executeTestSet(JUnit4Provider.java:141) [surefire-junit4-2.12.4.jar:2.12.4]
	at org.apache.maven.surefire.junit4.JUnit4Provider.invoke(JUnit4Provider.java:112) [surefire-junit4-2.12.4.jar:2.12.4]
	at sun.reflect.NativeMethodAccessorImpl.invoke0(Native Method) ~[na:1.8.0_65]
	at sun.reflect.NativeMethodAccessorImpl.invoke(NativeMethodAccessorImpl.java:62) ~[na:1.8.0_65]
	at sun.reflect.DelegatingMethodAccessorImpl.invoke(DelegatingMethodAccessorImpl.java:43) ~[na:1.8.0_65]
	at java.lang.reflect.Method.invoke(Method.java:497) ~[na:1.8.0_65]
	at org.apache.maven.surefire.util.ReflectionUtils.invokeMethodWithArray(ReflectionUtils.java:189) [surefire-api-2.12.4.jar:2.12.4]
	at org.apache.maven.surefire.booter.ProviderFactory$ProviderProxy.invoke(ProviderFactory.java:165) [surefire-booter-2.12.4.jar:2.12.4]
	at org.apache.maven.surefire.booter.ProviderFactory.invokeProvider(ProviderFactory.java:85) [surefire-booter-2.12.4.jar:2.12.4]
	at org.apache.maven.surefire.booter.ForkedBooter.runSuitesInProcess(ForkedBooter.java:115) [surefire-booter-2.12.4.jar:2.12.4]
	at org.apache.maven.surefire.booter.ForkedBooter.main(ForkedBooter.java:75) [surefire-booter-2.12.4.jar:2.12.4]
14:14:45.849 [main] INFO  o.a.http.impl.execchain.RetryExec - Retrying request to {}-&gt;http://192.168.90.102:80
14:14:45.849 [main] DEBUG o.a.h.c.protocol.RequestAddCookies - CookieSpec selected: best-match
14:14:45.850 [main] DEBUG o.a.h.c.protocol.RequestAuthCache - Auth cache not set in the context
14:14:45.850 [main] DEBUG o.a.h.i.c.PoolingHttpClientConnectionManager - Connection request: [route: {}-&gt;http://192.168.90.102:80][total kept alive: 0; route allocated: 0 of 2; total allocated: 0 of 20]
14:14:45.850 [main] DEBUG o.a.h.i.c.PoolingHttpClientConnectionManager - Connection leased: [id: 3][route: {}-&gt;http://192.168.90.102:80][total kept alive: 0; route allocated: 1 of 2; total allocated: 1 of 20]
14:14:45.850 [main] DEBUG o.a.h.impl.execchain.MainClientExec - Opening connection {}-&gt;http://192.168.90.102:80
14:14:45.850 [main] DEBUG o.a.h.i.c.HttpClientConnectionOperator - Connecting to /192.168.90.102:80
14:15:06.859 [main] DEBUG o.a.h.i.c.DefaultManagedHttpClientConnection - http-outgoing-3: Shutdown connection
14:15:06.859 [main] DEBUG o.a.h.impl.execchain.MainClientExec - Connection discarded
14:15:06.859 [main] DEBUG o.a.h.i.c.DefaultManagedHttpClientConnection - http-outgoing-3: Close connection
14:15:06.859 [main] DEBUG o.a.h.i.c.PoolingHttpClientConnectionManager - Connection released: [id: 3][route: {}-&gt;http://192.168.90.102:80][total kept alive: 0; route allocated: 0 of 2; total allocated: 0 of 20]
14:15:06.860 [main] DEBUG o.a.h.i.c.PoolingHttpClientConnectionManager - Connection manager is shutting down
14:15:06.860 [main] DEBUG o.a.h.i.c.PoolingHttpClientConnectionManager - Connection manager shut down
</system-out>
  </testcase>
  <testcase classname="io.github.hengyunabc.zabbix.api.test.DefaultZabbixApiTest" name="testGetTrigger" time="84.299">
    <error message="DefaultZabbixApi call exception!" type="java.lang.RuntimeException">java.lang.RuntimeException: DefaultZabbixApi call exception!
	at io.github.hengyunabc.zabbix.api.DefaultZabbixApi.call(DefaultZabbixApi.java:147)
	at io.github.hengyunabc.zabbix.api.DefaultZabbixApi.login(DefaultZabbixApi.java:74)
	at io.github.hengyunabc.zabbix.api.test.DefaultZabbixApiTest.testGetTrigger(DefaultZabbixApiTest.java:102)
	at sun.reflect.NativeMethodAccessorImpl.invoke0(Native Method)
	at sun.reflect.NativeMethodAccessorImpl.invoke(NativeMethodAccessorImpl.java:62)
	at sun.reflect.DelegatingMethodAccessorImpl.invoke(DelegatingMethodAccessorImpl.java:43)
	at java.lang.reflect.Method.invoke(Method.java:497)
	at org.junit.runners.model.FrameworkMethod$1.runReflectiveCall(FrameworkMethod.java:47)
	at org.junit.internal.runners.model.ReflectiveCallable.run(ReflectiveCallable.java:12)
	at org.junit.runners.model.FrameworkMethod.invokeExplosively(FrameworkMethod.java:44)
	at org.junit.internal.runners.statements.InvokeMethod.evaluate(InvokeMethod.java:17)
	at org.junit.internal.runners.statements.RunBefores.evaluate(RunBefores.java:26)
	at org.junit.internal.runners.statements.RunAfters.evaluate(RunAfters.java:27)
	at org.junit.runners.ParentRunner.runLeaf(ParentRunner.java:271)
	at org.junit.runners.BlockJUnit4ClassRunner.runChild(BlockJUnit4ClassRunner.java:70)
	at org.junit.runners.BlockJUnit4ClassRunner.runChild(BlockJUnit4ClassRunner.java:50)
	at org.junit.runners.ParentRunner$3.run(ParentRunner.java:238)
	at org.junit.runners.ParentRunner$1.schedule(ParentRunner.java:63)
	at org.junit.runners.ParentRunner.runChildren(ParentRunner.java:236)
	at org.junit.runners.ParentRunner.access$000(ParentRunner.java:53)
	at org.junit.runners.ParentRunner$2.evaluate(ParentRunner.java:229)
	at org.junit.runners.ParentRunner.run(ParentRunner.java:309)
	at org.apache.maven.surefire.junit4.JUnit4Provider.execute(JUnit4Provider.java:252)
	at org.apache.maven.surefire.junit4.JUnit4Provider.executeTestSet(JUnit4Provider.java:141)
	at org.apache.maven.surefire.junit4.JUnit4Provider.invoke(JUnit4Provider.java:112)
	at sun.reflect.NativeMethodAccessorImpl.invoke0(Native Method)
	at sun.reflect.NativeMethodAccessorImpl.invoke(NativeMethodAccessorImpl.java:62)
	at sun.reflect.DelegatingMethodAccessorImpl.invoke(DelegatingMethodAccessorImpl.java:43)
	at java.lang.reflect.Method.invoke(Method.java:497)
	at org.apache.maven.surefire.util.ReflectionUtils.invokeMethodWithArray(ReflectionUtils.java:189)
	at org.apache.maven.surefire.booter.ProviderFactory$ProviderProxy.invoke(ProviderFactory.java:165)
	at org.apache.maven.surefire.booter.ProviderFactory.invokeProvider(ProviderFactory.java:85)
	at org.apache.maven.surefire.booter.ForkedBooter.runSuitesInProcess(ForkedBooter.java:115)
	at org.apache.maven.surefire.booter.ForkedBooter.main(ForkedBooter.java:75)
Caused by: java.net.SocketException: Network is unreachable: connect
	at java.net.DualStackPlainSocketImpl.connect0(Native Method)
	at java.net.DualStackPlainSocketImpl.socketConnect(DualStackPlainSocketImpl.java:79)
	at java.net.AbstractPlainSocketImpl.doConnect(AbstractPlainSocketImpl.java:350)
	at java.net.AbstractPlainSocketImpl.connectToAddress(AbstractPlainSocketImpl.java:206)
	at java.net.AbstractPlainSocketImpl.connect(AbstractPlainSocketImpl.java:188)
	at java.net.PlainSocketImpl.connect(PlainSocketImpl.java:172)
	at java.net.SocksSocketImpl.connect(SocksSocketImpl.java:392)
	at java.net.Socket.connect(Socket.java:589)
	at org.apache.http.conn.socket.PlainConnectionSocketFactory.connectSocket(PlainConnectionSocketFactory.java:72)
	at org.apache.http.impl.conn.HttpClientConnectionOperator.connect(HttpClientConnectionOperator.java:125)
	at org.apache.http.impl.conn.PoolingHttpClientConnectionManager.connect(PoolingHttpClientConnectionManager.java:319)
	at org.apache.http.impl.execchain.MainClientExec.establishRoute(MainClientExec.java:363)
	at org.apache.http.impl.execchain.MainClientExec.execute(MainClientExec.java:219)
	at org.apache.http.impl.execchain.ProtocolExec.execute(ProtocolExec.java:195)
	at org.apache.http.impl.execchain.RetryExec.execute(RetryExec.java:86)
	at org.apache.http.impl.execchain.RedirectExec.execute(RedirectExec.java:108)
	at org.apache.http.impl.client.InternalHttpClient.doExecute(InternalHttpClient.java:184)
	at org.apache.http.impl.client.CloseableHttpClient.execute(CloseableHttpClient.java:82)
	at org.apache.http.impl.client.CloseableHttpClient.execute(CloseableHttpClient.java:106)
	at io.github.hengyunabc.zabbix.api.DefaultZabbixApi.call(DefaultZabbixApi.java:142)
	... 33 more
</error>
    <system-out>14:15:06.882 [main] DEBUG o.a.h.c.protocol.RequestAddCookies - CookieSpec selected: best-match
14:15:06.883 [main] DEBUG o.a.h.c.protocol.RequestAuthCache - Auth cache not set in the context
14:15:06.883 [main] DEBUG o.a.h.i.c.PoolingHttpClientConnectionManager - Connection request: [route: {}-&gt;http://192.168.90.102:80][total kept alive: 0; route allocated: 0 of 2; total allocated: 0 of 20]
14:15:06.883 [main] DEBUG o.a.h.i.c.PoolingHttpClientConnectionManager - Connection leased: [id: 4][route: {}-&gt;http://192.168.90.102:80][total kept alive: 0; route allocated: 1 of 2; total allocated: 1 of 20]
14:15:06.883 [main] DEBUG o.a.h.impl.execchain.MainClientExec - Opening connection {}-&gt;http://192.168.90.102:80
14:15:06.884 [main] DEBUG o.a.h.i.c.HttpClientConnectionOperator - Connecting to /192.168.90.102:80
14:15:27.981 [main] DEBUG o.a.h.i.c.DefaultManagedHttpClientConnection - http-outgoing-4: Shutdown connection
14:15:27.981 [main] DEBUG o.a.h.impl.execchain.MainClientExec - Connection discarded
14:15:27.981 [main] DEBUG o.a.h.i.c.DefaultManagedHttpClientConnection - http-outgoing-4: Close connection
14:15:27.981 [main] DEBUG o.a.h.i.c.PoolingHttpClientConnectionManager - Connection released: [id: 4][route: {}-&gt;http://192.168.90.102:80][total kept alive: 0; route allocated: 0 of 2; total allocated: 0 of 20]
14:15:27.981 [main] INFO  o.a.http.impl.execchain.RetryExec - I/O exception (java.net.SocketException) caught when processing request to {}-&gt;http://192.168.90.102:80: Network is unreachable: connect
14:15:27.982 [main] DEBUG o.a.http.impl.execchain.RetryExec - Network is unreachable: connect
java.net.SocketException: Network is unreachable: connect
	at java.net.DualStackPlainSocketImpl.connect0(Native Method) ~[na:1.8.0_65]
	at java.net.DualStackPlainSocketImpl.socketConnect(DualStackPlainSocketImpl.java:79) ~[na:1.8.0_65]
	at java.net.AbstractPlainSocketImpl.doConnect(AbstractPlainSocketImpl.java:350) ~[na:1.8.0_65]
	at java.net.AbstractPlainSocketImpl.connectToAddress(AbstractPlainSocketImpl.java:206) ~[na:1.8.0_65]
	at java.net.AbstractPlainSocketImpl.connect(AbstractPlainSocketImpl.java:188) ~[na:1.8.0_65]
	at java.net.PlainSocketImpl.connect(PlainSocketImpl.java:172) ~[na:1.8.0_65]
	at java.net.SocksSocketImpl.connect(SocksSocketImpl.java:392) ~[na:1.8.0_65]
	at java.net.Socket.connect(Socket.java:589) ~[na:1.8.0_65]
	at org.apache.http.conn.socket.PlainConnectionSocketFactory.connectSocket(PlainConnectionSocketFactory.java:72) ~[httpclient-4.3.6.jar:4.3.6]
	at org.apache.http.impl.conn.HttpClientConnectionOperator.connect(HttpClientConnectionOperator.java:125) ~[httpclient-4.3.6.jar:4.3.6]
	at org.apache.http.impl.conn.PoolingHttpClientConnectionManager.connect(PoolingHttpClientConnectionManager.java:319) ~[httpclient-4.3.6.jar:4.3.6]
	at org.apache.http.impl.execchain.MainClientExec.establishRoute(MainClientExec.java:363) ~[httpclient-4.3.6.jar:4.3.6]
	at org.apache.http.impl.execchain.MainClientExec.execute(MainClientExec.java:219) ~[httpclient-4.3.6.jar:4.3.6]
	at org.apache.http.impl.execchain.ProtocolExec.execute(ProtocolExec.java:195) ~[httpclient-4.3.6.jar:4.3.6]
	at org.apache.http.impl.execchain.RetryExec.execute(RetryExec.java:86) ~[httpclient-4.3.6.jar:4.3.6]
	at org.apache.http.impl.execchain.RedirectExec.execute(RedirectExec.java:108) [httpclient-4.3.6.jar:4.3.6]
	at org.apache.http.impl.client.InternalHttpClient.doExecute(InternalHttpClient.java:184) [httpclient-4.3.6.jar:4.3.6]
	at org.apache.http.impl.client.CloseableHttpClient.execute(CloseableHttpClient.java:82) [httpclient-4.3.6.jar:4.3.6]
	at org.apache.http.impl.client.CloseableHttpClient.execute(CloseableHttpClient.java:106) [httpclient-4.3.6.jar:4.3.6]
	at io.github.hengyunabc.zabbix.api.DefaultZabbixApi.call(DefaultZabbixApi.java:142) [classes/:na]
	at io.github.hengyunabc.zabbix.api.DefaultZabbixApi.login(DefaultZabbixApi.java:74) [classes/:na]
	at io.github.hengyunabc.zabbix.api.test.DefaultZabbixApiTest.testGetTrigger(DefaultZabbixApiTest.java:102) [test-classes/:na]
	at sun.reflect.NativeMethodAccessorImpl.invoke0(Native Method) ~[na:1.8.0_65]
	at sun.reflect.NativeMethodAccessorImpl.invoke(NativeMethodAccessorImpl.java:62) ~[na:1.8.0_65]
	at sun.reflect.DelegatingMethodAccessorImpl.invoke(DelegatingMethodAccessorImpl.java:43) ~[na:1.8.0_65]
	at java.lang.reflect.Method.invoke(Method.java:497) ~[na:1.8.0_65]
	at org.junit.runners.model.FrameworkMethod$1.runReflectiveCall(FrameworkMethod.java:47) [junit-4.11.jar:na]
	at org.junit.internal.runners.model.ReflectiveCallable.run(ReflectiveCallable.java:12) [junit-4.11.jar:na]
	at org.junit.runners.model.FrameworkMethod.invokeExplosively(FrameworkMethod.java:44) [junit-4.11.jar:na]
	at org.junit.internal.runners.statements.InvokeMethod.evaluate(InvokeMethod.java:17) [junit-4.11.jar:na]
	at org.junit.internal.runners.statements.RunBefores.evaluate(RunBefores.java:26) [junit-4.11.jar:na]
	at org.junit.internal.runners.statements.RunAfters.evaluate(RunAfters.java:27) [junit-4.11.jar:na]
	at org.junit.runners.ParentRunner.runLeaf(ParentRunner.java:271) [junit-4.11.jar:na]
	at org.junit.runners.BlockJUnit4ClassRunner.runChild(BlockJUnit4ClassRunner.java:70) [junit-4.11.jar:na]
	at org.junit.runners.BlockJUnit4ClassRunner.runChild(BlockJUnit4ClassRunner.java:50) [junit-4.11.jar:na]
	at org.junit.runners.ParentRunner$3.run(ParentRunner.java:238) [junit-4.11.jar:na]
	at org.junit.runners.ParentRunner$1.schedule(ParentRunner.java:63) [junit-4.11.jar:na]
	at org.junit.runners.ParentRunner.runChildren(ParentRunner.java:236) [junit-4.11.jar:na]
	at org.junit.runners.ParentRunner.access$000(ParentRunner.java:53) [junit-4.11.jar:na]
	at org.junit.runners.ParentRunner$2.evaluate(ParentRunner.java:229) [junit-4.11.jar:na]
	at org.junit.runners.ParentRunner.run(ParentRunner.java:309) [junit-4.11.jar:na]
	at org.apache.maven.surefire.junit4.JUnit4Provider.execute(JUnit4Provider.java:252) [surefire-junit4-2.12.4.jar:2.12.4]
	at org.apache.maven.surefire.junit4.JUnit4Provider.executeTestSet(JUnit4Provider.java:141) [surefire-junit4-2.12.4.jar:2.12.4]
	at org.apache.maven.surefire.junit4.JUnit4Provider.invoke(JUnit4Provider.java:112) [surefire-junit4-2.12.4.jar:2.12.4]
	at sun.reflect.NativeMethodAccessorImpl.invoke0(Native Method) ~[na:1.8.0_65]
	at sun.reflect.NativeMethodAccessorImpl.invoke(NativeMethodAccessorImpl.java:62) ~[na:1.8.0_65]
	at sun.reflect.DelegatingMethodAccessorImpl.invoke(DelegatingMethodAccessorImpl.java:43) ~[na:1.8.0_65]
	at java.lang.reflect.Method.invoke(Method.java:497) ~[na:1.8.0_65]
	at org.apache.maven.surefire.util.ReflectionUtils.invokeMethodWithArray(ReflectionUtils.java:189) [surefire-api-2.12.4.jar:2.12.4]
	at org.apache.maven.surefire.booter.ProviderFactory$ProviderProxy.invoke(ProviderFactory.java:165) [surefire-booter-2.12.4.jar:2.12.4]
	at org.apache.maven.surefire.booter.ProviderFactory.invokeProvider(ProviderFactory.java:85) [surefire-booter-2.12.4.jar:2.12.4]
	at org.apache.maven.surefire.booter.ForkedBooter.runSuitesInProcess(ForkedBooter.java:115) [surefire-booter-2.12.4.jar:2.12.4]
	at org.apache.maven.surefire.booter.ForkedBooter.main(ForkedBooter.java:75) [surefire-booter-2.12.4.jar:2.12.4]
14:15:28.064 [main] INFO  o.a.http.impl.execchain.RetryExec - Retrying request to {}-&gt;http://192.168.90.102:80
14:15:28.064 [main] DEBUG o.a.h.c.protocol.RequestAddCookies - CookieSpec selected: best-match
14:15:28.065 [main] DEBUG o.a.h.c.protocol.RequestAuthCache - Auth cache not set in the context
14:15:28.065 [main] DEBUG o.a.h.i.c.PoolingHttpClientConnectionManager - Connection request: [route: {}-&gt;http://192.168.90.102:80][total kept alive: 0; route allocated: 0 of 2; total allocated: 0 of 20]
14:15:28.065 [main] DEBUG o.a.h.i.c.PoolingHttpClientConnectionManager - Connection leased: [id: 5][route: {}-&gt;http://192.168.90.102:80][total kept alive: 0; route allocated: 1 of 2; total allocated: 1 of 20]
14:15:28.065 [main] DEBUG o.a.h.impl.execchain.MainClientExec - Opening connection {}-&gt;http://192.168.90.102:80
14:15:28.065 [main] DEBUG o.a.h.i.c.HttpClientConnectionOperator - Connecting to /192.168.90.102:80
14:15:49.141 [main] DEBUG o.a.h.i.c.DefaultManagedHttpClientConnection - http-outgoing-5: Shutdown connection
14:15:49.141 [main] DEBUG o.a.h.impl.execchain.MainClientExec - Connection discarded
14:15:49.142 [main] DEBUG o.a.h.i.c.DefaultManagedHttpClientConnection - http-outgoing-5: Close connection
14:15:49.142 [main] DEBUG o.a.h.i.c.PoolingHttpClientConnectionManager - Connection released: [id: 5][route: {}-&gt;http://192.168.90.102:80][total kept alive: 0; route allocated: 0 of 2; total allocated: 0 of 20]
14:15:49.144 [main] INFO  o.a.http.impl.execchain.RetryExec - I/O exception (java.net.SocketException) caught when processing request to {}-&gt;http://192.168.90.102:80: Network is unreachable: connect
14:15:49.146 [main] DEBUG o.a.http.impl.execchain.RetryExec - Network is unreachable: connect
java.net.SocketException: Network is unreachable: connect
	at java.net.DualStackPlainSocketImpl.connect0(Native Method) ~[na:1.8.0_65]
	at java.net.DualStackPlainSocketImpl.socketConnect(DualStackPlainSocketImpl.java:79) ~[na:1.8.0_65]
	at java.net.AbstractPlainSocketImpl.doConnect(AbstractPlainSocketImpl.java:350) ~[na:1.8.0_65]
	at java.net.AbstractPlainSocketImpl.connectToAddress(AbstractPlainSocketImpl.java:206) ~[na:1.8.0_65]
	at java.net.AbstractPlainSocketImpl.connect(AbstractPlainSocketImpl.java:188) ~[na:1.8.0_65]
	at java.net.PlainSocketImpl.connect(PlainSocketImpl.java:172) ~[na:1.8.0_65]
	at java.net.SocksSocketImpl.connect(SocksSocketImpl.java:392) ~[na:1.8.0_65]
	at java.net.Socket.connect(Socket.java:589) ~[na:1.8.0_65]
	at org.apache.http.conn.socket.PlainConnectionSocketFactory.connectSocket(PlainConnectionSocketFactory.java:72) ~[httpclient-4.3.6.jar:4.3.6]
	at org.apache.http.impl.conn.HttpClientConnectionOperator.connect(HttpClientConnectionOperator.java:125) ~[httpclient-4.3.6.jar:4.3.6]
	at org.apache.http.impl.conn.PoolingHttpClientConnectionManager.connect(PoolingHttpClientConnectionManager.java:319) ~[httpclient-4.3.6.jar:4.3.6]
	at org.apache.http.impl.execchain.MainClientExec.establishRoute(MainClientExec.java:363) ~[httpclient-4.3.6.jar:4.3.6]
	at org.apache.http.impl.execchain.MainClientExec.execute(MainClientExec.java:219) ~[httpclient-4.3.6.jar:4.3.6]
	at org.apache.http.impl.execchain.ProtocolExec.execute(ProtocolExec.java:195) ~[httpclient-4.3.6.jar:4.3.6]
	at org.apache.http.impl.execchain.RetryExec.execute(RetryExec.java:86) ~[httpclient-4.3.6.jar:4.3.6]
	at org.apache.http.impl.execchain.RedirectExec.execute(RedirectExec.java:108) [httpclient-4.3.6.jar:4.3.6]
	at org.apache.http.impl.client.InternalHttpClient.doExecute(InternalHttpClient.java:184) [httpclient-4.3.6.jar:4.3.6]
	at org.apache.http.impl.client.CloseableHttpClient.execute(CloseableHttpClient.java:82) [httpclient-4.3.6.jar:4.3.6]
	at org.apache.http.impl.client.CloseableHttpClient.execute(CloseableHttpClient.java:106) [httpclient-4.3.6.jar:4.3.6]
	at io.github.hengyunabc.zabbix.api.DefaultZabbixApi.call(DefaultZabbixApi.java:142) [classes/:na]
	at io.github.hengyunabc.zabbix.api.DefaultZabbixApi.login(DefaultZabbixApi.java:74) [classes/:na]
	at io.github.hengyunabc.zabbix.api.test.DefaultZabbixApiTest.testGetTrigger(DefaultZabbixApiTest.java:102) [test-classes/:na]
	at sun.reflect.NativeMethodAccessorImpl.invoke0(Native Method) ~[na:1.8.0_65]
	at sun.reflect.NativeMethodAccessorImpl.invoke(NativeMethodAccessorImpl.java:62) ~[na:1.8.0_65]
	at sun.reflect.DelegatingMethodAccessorImpl.invoke(DelegatingMethodAccessorImpl.java:43) ~[na:1.8.0_65]
	at java.lang.reflect.Method.invoke(Method.java:497) ~[na:1.8.0_65]
	at org.junit.runners.model.FrameworkMethod$1.runReflectiveCall(FrameworkMethod.java:47) [junit-4.11.jar:na]
	at org.junit.internal.runners.model.ReflectiveCallable.run(ReflectiveCallable.java:12) [junit-4.11.jar:na]
	at org.junit.runners.model.FrameworkMethod.invokeExplosively(FrameworkMethod.java:44) [junit-4.11.jar:na]
	at org.junit.internal.runners.statements.InvokeMethod.evaluate(InvokeMethod.java:17) [junit-4.11.jar:na]
	at org.junit.internal.runners.statements.RunBefores.evaluate(RunBefores.java:26) [junit-4.11.jar:na]
	at org.junit.internal.runners.statements.RunAfters.evaluate(RunAfters.java:27) [junit-4.11.jar:na]
	at org.junit.runners.ParentRunner.runLeaf(ParentRunner.java:271) [junit-4.11.jar:na]
	at org.junit.runners.BlockJUnit4ClassRunner.runChild(BlockJUnit4ClassRunner.java:70) [junit-4.11.jar:na]
	at org.junit.runners.BlockJUnit4ClassRunner.runChild(BlockJUnit4ClassRunner.java:50) [junit-4.11.jar:na]
	at org.junit.runners.ParentRunner$3.run(ParentRunner.java:238) [junit-4.11.jar:na]
	at org.junit.runners.ParentRunner$1.schedule(ParentRunner.java:63) [junit-4.11.jar:na]
	at org.junit.runners.ParentRunner.runChildren(ParentRunner.java:236) [junit-4.11.jar:na]
	at org.junit.runners.ParentRunner.access$000(ParentRunner.java:53) [junit-4.11.jar:na]
	at org.junit.runners.ParentRunner$2.evaluate(ParentRunner.java:229) [junit-4.11.jar:na]
	at org.junit.runners.ParentRunner.run(ParentRunner.java:309) [junit-4.11.jar:na]
	at org.apache.maven.surefire.junit4.JUnit4Provider.execute(JUnit4Provider.java:252) [surefire-junit4-2.12.4.jar:2.12.4]
	at org.apache.maven.surefire.junit4.JUnit4Provider.executeTestSet(JUnit4Provider.java:141) [surefire-junit4-2.12.4.jar:2.12.4]
	at org.apache.maven.surefire.junit4.JUnit4Provider.invoke(JUnit4Provider.java:112) [surefire-junit4-2.12.4.jar:2.12.4]
	at sun.reflect.NativeMethodAccessorImpl.invoke0(Native Method) ~[na:1.8.0_65]
	at sun.reflect.NativeMethodAccessorImpl.invoke(NativeMethodAccessorImpl.java:62) ~[na:1.8.0_65]
	at sun.reflect.DelegatingMethodAccessorImpl.invoke(DelegatingMethodAccessorImpl.java:43) ~[na:1.8.0_65]
	at java.lang.reflect.Method.invoke(Method.java:497) ~[na:1.8.0_65]
	at org.apache.maven.surefire.util.ReflectionUtils.invokeMethodWithArray(ReflectionUtils.java:189) [surefire-api-2.12.4.jar:2.12.4]
	at org.apache.maven.surefire.booter.ProviderFactory$ProviderProxy.invoke(ProviderFactory.java:165) [surefire-booter-2.12.4.jar:2.12.4]
	at org.apache.maven.surefire.booter.ProviderFactory.invokeProvider(ProviderFactory.java:85) [surefire-booter-2.12.4.jar:2.12.4]
	at org.apache.maven.surefire.booter.ForkedBooter.runSuitesInProcess(ForkedBooter.java:115) [surefire-booter-2.12.4.jar:2.12.4]
	at org.apache.maven.surefire.booter.ForkedBooter.main(ForkedBooter.java:75) [surefire-booter-2.12.4.jar:2.12.4]
14:15:49.148 [main] INFO  o.a.http.impl.execchain.RetryExec - Retrying request to {}-&gt;http://192.168.90.102:80
14:15:49.148 [main] DEBUG o.a.h.c.protocol.RequestAddCookies - CookieSpec selected: best-match
14:15:49.149 [main] DEBUG o.a.h.c.protocol.RequestAuthCache - Auth cache not set in the context
14:15:49.149 [main] DEBUG o.a.h.i.c.PoolingHttpClientConnectionManager - Connection request: [route: {}-&gt;http://192.168.90.102:80][total kept alive: 0; route allocated: 0 of 2; total allocated: 0 of 20]
14:15:49.149 [main] DEBUG o.a.h.i.c.PoolingHttpClientConnectionManager - Connection leased: [id: 6][route: {}-&gt;http://192.168.90.102:80][total kept alive: 0; route allocated: 1 of 2; total allocated: 1 of 20]
14:15:49.149 [main] DEBUG o.a.h.impl.execchain.MainClientExec - Opening connection {}-&gt;http://192.168.90.102:80
14:15:49.149 [main] DEBUG o.a.h.i.c.HttpClientConnectionOperator - Connecting to /192.168.90.102:80
14:16:10.169 [main] DEBUG o.a.h.i.c.DefaultManagedHttpClientConnection - http-outgoing-6: Shutdown connection
14:16:10.169 [main] DEBUG o.a.h.impl.execchain.MainClientExec - Connection discarded
14:16:10.169 [main] DEBUG o.a.h.i.c.DefaultManagedHttpClientConnection - http-outgoing-6: Close connection
14:16:10.169 [main] DEBUG o.a.h.i.c.PoolingHttpClientConnectionManager - Connection released: [id: 6][route: {}-&gt;http://192.168.90.102:80][total kept alive: 0; route allocated: 0 of 2; total allocated: 0 of 20]
14:16:10.169 [main] INFO  o.a.http.impl.execchain.RetryExec - I/O exception (java.net.SocketException) caught when processing request to {}-&gt;http://192.168.90.102:80: Network is unreachable: connect
14:16:10.170 [main] DEBUG o.a.http.impl.execchain.RetryExec - Network is unreachable: connect
java.net.SocketException: Network is unreachable: connect
	at java.net.DualStackPlainSocketImpl.connect0(Native Method) ~[na:1.8.0_65]
	at java.net.DualStackPlainSocketImpl.socketConnect(DualStackPlainSocketImpl.java:79) ~[na:1.8.0_65]
	at java.net.AbstractPlainSocketImpl.doConnect(AbstractPlainSocketImpl.java:350) ~[na:1.8.0_65]
	at java.net.AbstractPlainSocketImpl.connectToAddress(AbstractPlainSocketImpl.java:206) ~[na:1.8.0_65]
	at java.net.AbstractPlainSocketImpl.connect(AbstractPlainSocketImpl.java:188) ~[na:1.8.0_65]
	at java.net.PlainSocketImpl.connect(PlainSocketImpl.java:172) ~[na:1.8.0_65]
	at java.net.SocksSocketImpl.connect(SocksSocketImpl.java:392) ~[na:1.8.0_65]
	at java.net.Socket.connect(Socket.java:589) ~[na:1.8.0_65]
	at org.apache.http.conn.socket.PlainConnectionSocketFactory.connectSocket(PlainConnectionSocketFactory.java:72) ~[httpclient-4.3.6.jar:4.3.6]
	at org.apache.http.impl.conn.HttpClientConnectionOperator.connect(HttpClientConnectionOperator.java:125) ~[httpclient-4.3.6.jar:4.3.6]
	at org.apache.http.impl.conn.PoolingHttpClientConnectionManager.connect(PoolingHttpClientConnectionManager.java:319) ~[httpclient-4.3.6.jar:4.3.6]
	at org.apache.http.impl.execchain.MainClientExec.establishRoute(MainClientExec.java:363) ~[httpclient-4.3.6.jar:4.3.6]
	at org.apache.http.impl.execchain.MainClientExec.execute(MainClientExec.java:219) ~[httpclient-4.3.6.jar:4.3.6]
	at org.apache.http.impl.execchain.ProtocolExec.execute(ProtocolExec.java:195) ~[httpclient-4.3.6.jar:4.3.6]
	at org.apache.http.impl.execchain.RetryExec.execute(RetryExec.java:86) ~[httpclient-4.3.6.jar:4.3.6]
	at org.apache.http.impl.execchain.RedirectExec.execute(RedirectExec.java:108) [httpclient-4.3.6.jar:4.3.6]
	at org.apache.http.impl.client.InternalHttpClient.doExecute(InternalHttpClient.java:184) [httpclient-4.3.6.jar:4.3.6]
	at org.apache.http.impl.client.CloseableHttpClient.execute(CloseableHttpClient.java:82) [httpclient-4.3.6.jar:4.3.6]
	at org.apache.http.impl.client.CloseableHttpClient.execute(CloseableHttpClient.java:106) [httpclient-4.3.6.jar:4.3.6]
	at io.github.hengyunabc.zabbix.api.DefaultZabbixApi.call(DefaultZabbixApi.java:142) [classes/:na]
	at io.github.hengyunabc.zabbix.api.DefaultZabbixApi.login(DefaultZabbixApi.java:74) [classes/:na]
	at io.github.hengyunabc.zabbix.api.test.DefaultZabbixApiTest.testGetTrigger(DefaultZabbixApiTest.java:102) [test-classes/:na]
	at sun.reflect.NativeMethodAccessorImpl.invoke0(Native Method) ~[na:1.8.0_65]
	at sun.reflect.NativeMethodAccessorImpl.invoke(NativeMethodAccessorImpl.java:62) ~[na:1.8.0_65]
	at sun.reflect.DelegatingMethodAccessorImpl.invoke(DelegatingMethodAccessorImpl.java:43) ~[na:1.8.0_65]
	at java.lang.reflect.Method.invoke(Method.java:497) ~[na:1.8.0_65]
	at org.junit.runners.model.FrameworkMethod$1.runReflectiveCall(FrameworkMethod.java:47) [junit-4.11.jar:na]
	at org.junit.internal.runners.model.ReflectiveCallable.run(ReflectiveCallable.java:12) [junit-4.11.jar:na]
	at org.junit.runners.model.FrameworkMethod.invokeExplosively(FrameworkMethod.java:44) [junit-4.11.jar:na]
	at org.junit.internal.runners.statements.InvokeMethod.evaluate(InvokeMethod.java:17) [junit-4.11.jar:na]
	at org.junit.internal.runners.statements.RunBefores.evaluate(RunBefores.java:26) [junit-4.11.jar:na]
	at org.junit.internal.runners.statements.RunAfters.evaluate(RunAfters.java:27) [junit-4.11.jar:na]
	at org.junit.runners.ParentRunner.runLeaf(ParentRunner.java:271) [junit-4.11.jar:na]
	at org.junit.runners.BlockJUnit4ClassRunner.runChild(BlockJUnit4ClassRunner.java:70) [junit-4.11.jar:na]
	at org.junit.runners.BlockJUnit4ClassRunner.runChild(BlockJUnit4ClassRunner.java:50) [junit-4.11.jar:na]
	at org.junit.runners.ParentRunner$3.run(ParentRunner.java:238) [junit-4.11.jar:na]
	at org.junit.runners.ParentRunner$1.schedule(ParentRunner.java:63) [junit-4.11.jar:na]
	at org.junit.runners.ParentRunner.runChildren(ParentRunner.java:236) [junit-4.11.jar:na]
	at org.junit.runners.ParentRunner.access$000(ParentRunner.java:53) [junit-4.11.jar:na]
	at org.junit.runners.ParentRunner$2.evaluate(ParentRunner.java:229) [junit-4.11.jar:na]
	at org.junit.runners.ParentRunner.run(ParentRunner.java:309) [junit-4.11.jar:na]
	at org.apache.maven.surefire.junit4.JUnit4Provider.execute(JUnit4Provider.java:252) [surefire-junit4-2.12.4.jar:2.12.4]
	at org.apache.maven.surefire.junit4.JUnit4Provider.executeTestSet(JUnit4Provider.java:141) [surefire-junit4-2.12.4.jar:2.12.4]
	at org.apache.maven.surefire.junit4.JUnit4Provider.invoke(JUnit4Provider.java:112) [surefire-junit4-2.12.4.jar:2.12.4]
	at sun.reflect.NativeMethodAccessorImpl.invoke0(Native Method) ~[na:1.8.0_65]
	at sun.reflect.NativeMethodAccessorImpl.invoke(NativeMethodAccessorImpl.java:62) ~[na:1.8.0_65]
	at sun.reflect.DelegatingMethodAccessorImpl.invoke(DelegatingMethodAccessorImpl.java:43) ~[na:1.8.0_65]
	at java.lang.reflect.Method.invoke(Method.java:497) ~[na:1.8.0_65]
	at org.apache.maven.surefire.util.ReflectionUtils.invokeMethodWithArray(ReflectionUtils.java:189) [surefire-api-2.12.4.jar:2.12.4]
	at org.apache.maven.surefire.booter.ProviderFactory$ProviderProxy.invoke(ProviderFactory.java:165) [surefire-booter-2.12.4.jar:2.12.4]
	at org.apache.maven.surefire.booter.ProviderFactory.invokeProvider(ProviderFactory.java:85) [surefire-booter-2.12.4.jar:2.12.4]
	at org.apache.maven.surefire.booter.ForkedBooter.runSuitesInProcess(ForkedBooter.java:115) [surefire-booter-2.12.4.jar:2.12.4]
	at org.apache.maven.surefire.booter.ForkedBooter.main(ForkedBooter.java:75) [surefire-booter-2.12.4.jar:2.12.4]
14:16:10.171 [main] INFO  o.a.http.impl.execchain.RetryExec - Retrying request to {}-&gt;http://192.168.90.102:80
14:16:10.171 [main] DEBUG o.a.h.c.protocol.RequestAddCookies - CookieSpec selected: best-match
14:16:10.171 [main] DEBUG o.a.h.c.protocol.RequestAuthCache - Auth cache not set in the context
14:16:10.171 [main] DEBUG o.a.h.i.c.PoolingHttpClientConnectionManager - Connection request: [route: {}-&gt;http://192.168.90.102:80][total kept alive: 0; route allocated: 0 of 2; total allocated: 0 of 20]
14:16:10.171 [main] DEBUG o.a.h.i.c.PoolingHttpClientConnectionManager - Connection leased: [id: 7][route: {}-&gt;http://192.168.90.102:80][total kept alive: 0; route allocated: 1 of 2; total allocated: 1 of 20]
14:16:10.171 [main] DEBUG o.a.h.impl.execchain.MainClientExec - Opening connection {}-&gt;http://192.168.90.102:80
14:16:10.172 [main] DEBUG o.a.h.i.c.HttpClientConnectionOperator - Connecting to /192.168.90.102:80
14:16:31.187 [main] DEBUG o.a.h.i.c.DefaultManagedHttpClientConnection - http-outgoing-7: Shutdown connection
14:16:31.187 [main] DEBUG o.a.h.impl.execchain.MainClientExec - Connection discarded
14:16:31.187 [main] DEBUG o.a.h.i.c.DefaultManagedHttpClientConnection - http-outgoing-7: Close connection
14:16:31.188 [main] DEBUG o.a.h.i.c.PoolingHttpClientConnectionManager - Connection released: [id: 7][route: {}-&gt;http://192.168.90.102:80][total kept alive: 0; route allocated: 0 of 2; total allocated: 0 of 20]
14:16:31.188 [main] DEBUG o.a.h.i.c.PoolingHttpClientConnectionManager - Connection manager is shutting down
14:16:31.188 [main] DEBUG o.a.h.i.c.PoolingHttpClientConnectionManager - Connection manager shut down
</system-out>
  </testcase>
  <testcase classname="io.github.hengyunabc.zabbix.api.test.DefaultZabbixApiTest" name="testVersion" time="84.115">
    <error message="DefaultZabbixApi call exception!" type="java.lang.RuntimeException">java.lang.RuntimeException: DefaultZabbixApi call exception!
	at io.github.hengyunabc.zabbix.api.DefaultZabbixApi.call(DefaultZabbixApi.java:147)
	at io.github.hengyunabc.zabbix.api.DefaultZabbixApi.apiVersion(DefaultZabbixApi.java:87)
	at io.github.hengyunabc.zabbix.api.test.DefaultZabbixApiTest.testVersion(DefaultZabbixApiTest.java:36)
	at sun.reflect.NativeMethodAccessorImpl.invoke0(Native Method)
	at sun.reflect.NativeMethodAccessorImpl.invoke(NativeMethodAccessorImpl.java:62)
	at sun.reflect.DelegatingMethodAccessorImpl.invoke(DelegatingMethodAccessorImpl.java:43)
	at java.lang.reflect.Method.invoke(Method.java:497)
	at org.junit.runners.model.FrameworkMethod$1.runReflectiveCall(FrameworkMethod.java:47)
	at org.junit.internal.runners.model.ReflectiveCallable.run(ReflectiveCallable.java:12)
	at org.junit.runners.model.FrameworkMethod.invokeExplosively(FrameworkMethod.java:44)
	at org.junit.internal.runners.statements.InvokeMethod.evaluate(InvokeMethod.java:17)
	at org.junit.internal.runners.statements.RunBefores.evaluate(RunBefores.java:26)
	at org.junit.internal.runners.statements.RunAfters.evaluate(RunAfters.java:27)
	at org.junit.runners.ParentRunner.runLeaf(ParentRunner.java:271)
	at org.junit.runners.BlockJUnit4ClassRunner.runChild(BlockJUnit4ClassRunner.java:70)
	at org.junit.runners.BlockJUnit4ClassRunner.runChild(BlockJUnit4ClassRunner.java:50)
	at org.junit.runners.ParentRunner$3.run(ParentRunner.java:238)
	at org.junit.runners.ParentRunner$1.schedule(ParentRunner.java:63)
	at org.junit.runners.ParentRunner.runChildren(ParentRunner.java:236)
	at org.junit.runners.ParentRunner.access$000(ParentRunner.java:53)
	at org.junit.runners.ParentRunner$2.evaluate(ParentRunner.java:229)
	at org.junit.runners.ParentRunner.run(ParentRunner.java:309)
	at org.apache.maven.surefire.junit4.JUnit4Provider.execute(JUnit4Provider.java:252)
	at org.apache.maven.surefire.junit4.JUnit4Provider.executeTestSet(JUnit4Provider.java:141)
	at org.apache.maven.surefire.junit4.JUnit4Provider.invoke(JUnit4Provider.java:112)
	at sun.reflect.NativeMethodAccessorImpl.invoke0(Native Method)
	at sun.reflect.NativeMethodAccessorImpl.invoke(NativeMethodAccessorImpl.java:62)
	at sun.reflect.DelegatingMethodAccessorImpl.invoke(DelegatingMethodAccessorImpl.java:43)
	at java.lang.reflect.Method.invoke(Method.java:497)
	at org.apache.maven.surefire.util.ReflectionUtils.invokeMethodWithArray(ReflectionUtils.java:189)
	at org.apache.maven.surefire.booter.ProviderFactory$ProviderProxy.invoke(ProviderFactory.java:165)
	at org.apache.maven.surefire.booter.ProviderFactory.invokeProvider(ProviderFactory.java:85)
	at org.apache.maven.surefire.booter.ForkedBooter.runSuitesInProcess(ForkedBooter.java:115)
	at org.apache.maven.surefire.booter.ForkedBooter.main(ForkedBooter.java:75)
Caused by: java.net.SocketException: Network is unreachable: connect
	at java.net.DualStackPlainSocketImpl.connect0(Native Method)
	at java.net.DualStackPlainSocketImpl.socketConnect(DualStackPlainSocketImpl.java:79)
	at java.net.AbstractPlainSocketImpl.doConnect(AbstractPlainSocketImpl.java:350)
	at java.net.AbstractPlainSocketImpl.connectToAddress(AbstractPlainSocketImpl.java:206)
	at java.net.AbstractPlainSocketImpl.connect(AbstractPlainSocketImpl.java:188)
	at java.net.PlainSocketImpl.connect(PlainSocketImpl.java:172)
	at java.net.SocksSocketImpl.connect(SocksSocketImpl.java:392)
	at java.net.Socket.connect(Socket.java:589)
	at org.apache.http.conn.socket.PlainConnectionSocketFactory.connectSocket(PlainConnectionSocketFactory.java:72)
	at org.apache.http.impl.conn.HttpClientConnectionOperator.connect(HttpClientConnectionOperator.java:125)
	at org.apache.http.impl.conn.PoolingHttpClientConnectionManager.connect(PoolingHttpClientConnectionManager.java:319)
	at org.apache.http.impl.execchain.MainClientExec.establishRoute(MainClientExec.java:363)
	at org.apache.http.impl.execchain.MainClientExec.execute(MainClientExec.java:219)
	at org.apache.http.impl.execchain.ProtocolExec.execute(ProtocolExec.java:195)
	at org.apache.http.impl.execchain.RetryExec.execute(RetryExec.java:86)
	at org.apache.http.impl.execchain.RedirectExec.execute(RedirectExec.java:108)
	at org.apache.http.impl.client.InternalHttpClient.doExecute(InternalHttpClient.java:184)
	at org.apache.http.impl.client.CloseableHttpClient.execute(CloseableHttpClient.java:82)
	at org.apache.http.impl.client.CloseableHttpClient.execute(CloseableHttpClient.java:106)
	at io.github.hengyunabc.zabbix.api.DefaultZabbixApi.call(DefaultZabbixApi.java:142)
	... 33 more
</error>
    <system-out>14:16:31.200 [main] DEBUG o.a.h.c.protocol.RequestAddCookies - CookieSpec selected: best-match
14:16:31.200 [main] DEBUG o.a.h.c.protocol.RequestAuthCache - Auth cache not set in the context
14:16:31.201 [main] DEBUG o.a.h.i.c.PoolingHttpClientConnectionManager - Connection request: [route: {}-&gt;http://192.168.90.102:80][total kept alive: 0; route allocated: 0 of 2; total allocated: 0 of 20]
14:16:31.201 [main] DEBUG o.a.h.i.c.PoolingHttpClientConnectionManager - Connection leased: [id: 8][route: {}-&gt;http://192.168.90.102:80][total kept alive: 0; route allocated: 1 of 2; total allocated: 1 of 20]
14:16:31.201 [main] DEBUG o.a.h.impl.execchain.MainClientExec - Opening connection {}-&gt;http://192.168.90.102:80
14:16:31.202 [main] DEBUG o.a.h.i.c.HttpClientConnectionOperator - Connecting to /192.168.90.102:80
14:16:52.209 [main] DEBUG o.a.h.i.c.DefaultManagedHttpClientConnection - http-outgoing-8: Shutdown connection
14:16:52.209 [main] DEBUG o.a.h.impl.execchain.MainClientExec - Connection discarded
14:16:52.209 [main] DEBUG o.a.h.i.c.DefaultManagedHttpClientConnection - http-outgoing-8: Close connection
14:16:52.209 [main] DEBUG o.a.h.i.c.PoolingHttpClientConnectionManager - Connection released: [id: 8][route: {}-&gt;http://192.168.90.102:80][total kept alive: 0; route allocated: 0 of 2; total allocated: 0 of 20]
14:16:52.210 [main] INFO  o.a.http.impl.execchain.RetryExec - I/O exception (java.net.SocketException) caught when processing request to {}-&gt;http://192.168.90.102:80: Network is unreachable: connect
14:16:52.210 [main] DEBUG o.a.http.impl.execchain.RetryExec - Network is unreachable: connect
java.net.SocketException: Network is unreachable: connect
	at java.net.DualStackPlainSocketImpl.connect0(Native Method) ~[na:1.8.0_65]
	at java.net.DualStackPlainSocketImpl.socketConnect(DualStackPlainSocketImpl.java:79) ~[na:1.8.0_65]
	at java.net.AbstractPlainSocketImpl.doConnect(AbstractPlainSocketImpl.java:350) ~[na:1.8.0_65]
	at java.net.AbstractPlainSocketImpl.connectToAddress(AbstractPlainSocketImpl.java:206) ~[na:1.8.0_65]
	at java.net.AbstractPlainSocketImpl.connect(AbstractPlainSocketImpl.java:188) ~[na:1.8.0_65]
	at java.net.PlainSocketImpl.connect(PlainSocketImpl.java:172) ~[na:1.8.0_65]
	at java.net.SocksSocketImpl.connect(SocksSocketImpl.java:392) ~[na:1.8.0_65]
	at java.net.Socket.connect(Socket.java:589) ~[na:1.8.0_65]
	at org.apache.http.conn.socket.PlainConnectionSocketFactory.connectSocket(PlainConnectionSocketFactory.java:72) ~[httpclient-4.3.6.jar:4.3.6]
	at org.apache.http.impl.conn.HttpClientConnectionOperator.connect(HttpClientConnectionOperator.java:125) ~[httpclient-4.3.6.jar:4.3.6]
	at org.apache.http.impl.conn.PoolingHttpClientConnectionManager.connect(PoolingHttpClientConnectionManager.java:319) ~[httpclient-4.3.6.jar:4.3.6]
	at org.apache.http.impl.execchain.MainClientExec.establishRoute(MainClientExec.java:363) ~[httpclient-4.3.6.jar:4.3.6]
	at org.apache.http.impl.execchain.MainClientExec.execute(MainClientExec.java:219) ~[httpclient-4.3.6.jar:4.3.6]
	at org.apache.http.impl.execchain.ProtocolExec.execute(ProtocolExec.java:195) ~[httpclient-4.3.6.jar:4.3.6]
	at org.apache.http.impl.execchain.RetryExec.execute(RetryExec.java:86) ~[httpclient-4.3.6.jar:4.3.6]
	at org.apache.http.impl.execchain.RedirectExec.execute(RedirectExec.java:108) [httpclient-4.3.6.jar:4.3.6]
	at org.apache.http.impl.client.InternalHttpClient.doExecute(InternalHttpClient.java:184) [httpclient-4.3.6.jar:4.3.6]
	at org.apache.http.impl.client.CloseableHttpClient.execute(CloseableHttpClient.java:82) [httpclient-4.3.6.jar:4.3.6]
	at org.apache.http.impl.client.CloseableHttpClient.execute(CloseableHttpClient.java:106) [httpclient-4.3.6.jar:4.3.6]
	at io.github.hengyunabc.zabbix.api.DefaultZabbixApi.call(DefaultZabbixApi.java:142) [classes/:na]
	at io.github.hengyunabc.zabbix.api.DefaultZabbixApi.apiVersion(DefaultZabbixApi.java:87) [classes/:na]
	at io.github.hengyunabc.zabbix.api.test.DefaultZabbixApiTest.testVersion(DefaultZabbixApiTest.java:36) [test-classes/:na]
	at sun.reflect.NativeMethodAccessorImpl.invoke0(Native Method) ~[na:1.8.0_65]
	at sun.reflect.NativeMethodAccessorImpl.invoke(NativeMethodAccessorImpl.java:62) ~[na:1.8.0_65]
	at sun.reflect.DelegatingMethodAccessorImpl.invoke(DelegatingMethodAccessorImpl.java:43) ~[na:1.8.0_65]
	at java.lang.reflect.Method.invoke(Method.java:497) ~[na:1.8.0_65]
	at org.junit.runners.model.FrameworkMethod$1.runReflectiveCall(FrameworkMethod.java:47) [junit-4.11.jar:na]
	at org.junit.internal.runners.model.ReflectiveCallable.run(ReflectiveCallable.java:12) [junit-4.11.jar:na]
	at org.junit.runners.model.FrameworkMethod.invokeExplosively(FrameworkMethod.java:44) [junit-4.11.jar:na]
	at org.junit.internal.runners.statements.InvokeMethod.evaluate(InvokeMethod.java:17) [junit-4.11.jar:na]
	at org.junit.internal.runners.statements.RunBefores.evaluate(RunBefores.java:26) [junit-4.11.jar:na]
	at org.junit.internal.runners.statements.RunAfters.evaluate(RunAfters.java:27) [junit-4.11.jar:na]
	at org.junit.runners.ParentRunner.runLeaf(ParentRunner.java:271) [junit-4.11.jar:na]
	at org.junit.runners.BlockJUnit4ClassRunner.runChild(BlockJUnit4ClassRunner.java:70) [junit-4.11.jar:na]
	at org.junit.runners.BlockJUnit4ClassRunner.runChild(BlockJUnit4ClassRunner.java:50) [junit-4.11.jar:na]
	at org.junit.runners.ParentRunner$3.run(ParentRunner.java:238) [junit-4.11.jar:na]
	at org.junit.runners.ParentRunner$1.schedule(ParentRunner.java:63) [junit-4.11.jar:na]
	at org.junit.runners.ParentRunner.runChildren(ParentRunner.java:236) [junit-4.11.jar:na]
	at org.junit.runners.ParentRunner.access$000(ParentRunner.java:53) [junit-4.11.jar:na]
	at org.junit.runners.ParentRunner$2.evaluate(ParentRunner.java:229) [junit-4.11.jar:na]
	at org.junit.runners.ParentRunner.run(ParentRunner.java:309) [junit-4.11.jar:na]
	at org.apache.maven.surefire.junit4.JUnit4Provider.execute(JUnit4Provider.java:252) [surefire-junit4-2.12.4.jar:2.12.4]
	at org.apache.maven.surefire.junit4.JUnit4Provider.executeTestSet(JUnit4Provider.java:141) [surefire-junit4-2.12.4.jar:2.12.4]
	at org.apache.maven.surefire.junit4.JUnit4Provider.invoke(JUnit4Provider.java:112) [surefire-junit4-2.12.4.jar:2.12.4]
	at sun.reflect.NativeMethodAccessorImpl.invoke0(Native Method) ~[na:1.8.0_65]
	at sun.reflect.NativeMethodAccessorImpl.invoke(NativeMethodAccessorImpl.java:62) ~[na:1.8.0_65]
	at sun.reflect.DelegatingMethodAccessorImpl.invoke(DelegatingMethodAccessorImpl.java:43) ~[na:1.8.0_65]
	at java.lang.reflect.Method.invoke(Method.java:497) ~[na:1.8.0_65]
	at org.apache.maven.surefire.util.ReflectionUtils.invokeMethodWithArray(ReflectionUtils.java:189) [surefire-api-2.12.4.jar:2.12.4]
	at org.apache.maven.surefire.booter.ProviderFactory$ProviderProxy.invoke(ProviderFactory.java:165) [surefire-booter-2.12.4.jar:2.12.4]
	at org.apache.maven.surefire.booter.ProviderFactory.invokeProvider(ProviderFactory.java:85) [surefire-booter-2.12.4.jar:2.12.4]
	at org.apache.maven.surefire.booter.ForkedBooter.runSuitesInProcess(ForkedBooter.java:115) [surefire-booter-2.12.4.jar:2.12.4]
	at org.apache.maven.surefire.booter.ForkedBooter.main(ForkedBooter.java:75) [surefire-booter-2.12.4.jar:2.12.4]
14:16:52.211 [main] INFO  o.a.http.impl.execchain.RetryExec - Retrying request to {}-&gt;http://192.168.90.102:80
14:16:52.211 [main] DEBUG o.a.h.c.protocol.RequestAddCookies - CookieSpec selected: best-match
14:16:52.211 [main] DEBUG o.a.h.c.protocol.RequestAuthCache - Auth cache not set in the context
14:16:52.211 [main] DEBUG o.a.h.i.c.PoolingHttpClientConnectionManager - Connection request: [route: {}-&gt;http://192.168.90.102:80][total kept alive: 0; route allocated: 0 of 2; total allocated: 0 of 20]
14:16:52.212 [main] DEBUG o.a.h.i.c.PoolingHttpClientConnectionManager - Connection leased: [id: 9][route: {}-&gt;http://192.168.90.102:80][total kept alive: 0; route allocated: 1 of 2; total allocated: 1 of 20]
14:16:52.213 [main] DEBUG o.a.h.impl.execchain.MainClientExec - Opening connection {}-&gt;http://192.168.90.102:80
14:16:52.213 [main] DEBUG o.a.h.i.c.HttpClientConnectionOperator - Connecting to /192.168.90.102:80
14:17:13.226 [main] DEBUG o.a.h.i.c.DefaultManagedHttpClientConnection - http-outgoing-9: Shutdown connection
14:17:13.226 [main] DEBUG o.a.h.impl.execchain.MainClientExec - Connection discarded
14:17:13.226 [main] DEBUG o.a.h.i.c.DefaultManagedHttpClientConnection - http-outgoing-9: Close connection
14:17:13.226 [main] DEBUG o.a.h.i.c.PoolingHttpClientConnectionManager - Connection released: [id: 9][route: {}-&gt;http://192.168.90.102:80][total kept alive: 0; route allocated: 0 of 2; total allocated: 0 of 20]
14:17:13.226 [main] INFO  o.a.http.impl.execchain.RetryExec - I/O exception (java.net.SocketException) caught when processing request to {}-&gt;http://192.168.90.102:80: Network is unreachable: connect
14:17:13.227 [main] DEBUG o.a.http.impl.execchain.RetryExec - Network is unreachable: connect
java.net.SocketException: Network is unreachable: connect
	at java.net.DualStackPlainSocketImpl.connect0(Native Method) ~[na:1.8.0_65]
	at java.net.DualStackPlainSocketImpl.socketConnect(DualStackPlainSocketImpl.java:79) ~[na:1.8.0_65]
	at java.net.AbstractPlainSocketImpl.doConnect(AbstractPlainSocketImpl.java:350) ~[na:1.8.0_65]
	at java.net.AbstractPlainSocketImpl.connectToAddress(AbstractPlainSocketImpl.java:206) ~[na:1.8.0_65]
	at java.net.AbstractPlainSocketImpl.connect(AbstractPlainSocketImpl.java:188) ~[na:1.8.0_65]
	at java.net.PlainSocketImpl.connect(PlainSocketImpl.java:172) ~[na:1.8.0_65]
	at java.net.SocksSocketImpl.connect(SocksSocketImpl.java:392) ~[na:1.8.0_65]
	at java.net.Socket.connect(Socket.java:589) ~[na:1.8.0_65]
	at org.apache.http.conn.socket.PlainConnectionSocketFactory.connectSocket(PlainConnectionSocketFactory.java:72) ~[httpclient-4.3.6.jar:4.3.6]
	at org.apache.http.impl.conn.HttpClientConnectionOperator.connect(HttpClientConnectionOperator.java:125) ~[httpclient-4.3.6.jar:4.3.6]
	at org.apache.http.impl.conn.PoolingHttpClientConnectionManager.connect(PoolingHttpClientConnectionManager.java:319) ~[httpclient-4.3.6.jar:4.3.6]
	at org.apache.http.impl.execchain.MainClientExec.establishRoute(MainClientExec.java:363) ~[httpclient-4.3.6.jar:4.3.6]
	at org.apache.http.impl.execchain.MainClientExec.execute(MainClientExec.java:219) ~[httpclient-4.3.6.jar:4.3.6]
	at org.apache.http.impl.execchain.ProtocolExec.execute(ProtocolExec.java:195) ~[httpclient-4.3.6.jar:4.3.6]
	at org.apache.http.impl.execchain.RetryExec.execute(RetryExec.java:86) ~[httpclient-4.3.6.jar:4.3.6]
	at org.apache.http.impl.execchain.RedirectExec.execute(RedirectExec.java:108) [httpclient-4.3.6.jar:4.3.6]
	at org.apache.http.impl.client.InternalHttpClient.doExecute(InternalHttpClient.java:184) [httpclient-4.3.6.jar:4.3.6]
	at org.apache.http.impl.client.CloseableHttpClient.execute(CloseableHttpClient.java:82) [httpclient-4.3.6.jar:4.3.6]
	at org.apache.http.impl.client.CloseableHttpClient.execute(CloseableHttpClient.java:106) [httpclient-4.3.6.jar:4.3.6]
	at io.github.hengyunabc.zabbix.api.DefaultZabbixApi.call(DefaultZabbixApi.java:142) [classes/:na]
	at io.github.hengyunabc.zabbix.api.DefaultZabbixApi.apiVersion(DefaultZabbixApi.java:87) [classes/:na]
	at io.github.hengyunabc.zabbix.api.test.DefaultZabbixApiTest.testVersion(DefaultZabbixApiTest.java:36) [test-classes/:na]
	at sun.reflect.NativeMethodAccessorImpl.invoke0(Native Method) ~[na:1.8.0_65]
	at sun.reflect.NativeMethodAccessorImpl.invoke(NativeMethodAccessorImpl.java:62) ~[na:1.8.0_65]
	at sun.reflect.DelegatingMethodAccessorImpl.invoke(DelegatingMethodAccessorImpl.java:43) ~[na:1.8.0_65]
	at java.lang.reflect.Method.invoke(Method.java:497) ~[na:1.8.0_65]
	at org.junit.runners.model.FrameworkMethod$1.runReflectiveCall(FrameworkMethod.java:47) [junit-4.11.jar:na]
	at org.junit.internal.runners.model.ReflectiveCallable.run(ReflectiveCallable.java:12) [junit-4.11.jar:na]
	at org.junit.runners.model.FrameworkMethod.invokeExplosively(FrameworkMethod.java:44) [junit-4.11.jar:na]
	at org.junit.internal.runners.statements.InvokeMethod.evaluate(InvokeMethod.java:17) [junit-4.11.jar:na]
	at org.junit.internal.runners.statements.RunBefores.evaluate(RunBefores.java:26) [junit-4.11.jar:na]
	at org.junit.internal.runners.statements.RunAfters.evaluate(RunAfters.java:27) [junit-4.11.jar:na]
	at org.junit.runners.ParentRunner.runLeaf(ParentRunner.java:271) [junit-4.11.jar:na]
	at org.junit.runners.BlockJUnit4ClassRunner.runChild(BlockJUnit4ClassRunner.java:70) [junit-4.11.jar:na]
	at org.junit.runners.BlockJUnit4ClassRunner.runChild(BlockJUnit4ClassRunner.java:50) [junit-4.11.jar:na]
	at org.junit.runners.ParentRunner$3.run(ParentRunner.java:238) [junit-4.11.jar:na]
	at org.junit.runners.ParentRunner$1.schedule(ParentRunner.java:63) [junit-4.11.jar:na]
	at org.junit.runners.ParentRunner.runChildren(ParentRunner.java:236) [junit-4.11.jar:na]
	at org.junit.runners.ParentRunner.access$000(ParentRunner.java:53) [junit-4.11.jar:na]
	at org.junit.runners.ParentRunner$2.evaluate(ParentRunner.java:229) [junit-4.11.jar:na]
	at org.junit.runners.ParentRunner.run(ParentRunner.java:309) [junit-4.11.jar:na]
	at org.apache.maven.surefire.junit4.JUnit4Provider.execute(JUnit4Provider.java:252) [surefire-junit4-2.12.4.jar:2.12.4]
	at org.apache.maven.surefire.junit4.JUnit4Provider.executeTestSet(JUnit4Provider.java:141) [surefire-junit4-2.12.4.jar:2.12.4]
	at org.apache.maven.surefire.junit4.JUnit4Provider.invoke(JUnit4Provider.java:112) [surefire-junit4-2.12.4.jar:2.12.4]
	at sun.reflect.NativeMethodAccessorImpl.invoke0(Native Method) ~[na:1.8.0_65]
	at sun.reflect.NativeMethodAccessorImpl.invoke(NativeMethodAccessorImpl.java:62) ~[na:1.8.0_65]
	at sun.reflect.DelegatingMethodAccessorImpl.invoke(DelegatingMethodAccessorImpl.java:43) ~[na:1.8.0_65]
	at java.lang.reflect.Method.invoke(Method.java:497) ~[na:1.8.0_65]
	at org.apache.maven.surefire.util.ReflectionUtils.invokeMethodWithArray(ReflectionUtils.java:189) [surefire-api-2.12.4.jar:2.12.4]
	at org.apache.maven.surefire.booter.ProviderFactory$ProviderProxy.invoke(ProviderFactory.java:165) [surefire-booter-2.12.4.jar:2.12.4]
	at org.apache.maven.surefire.booter.ProviderFactory.invokeProvider(ProviderFactory.java:85) [surefire-booter-2.12.4.jar:2.12.4]
	at org.apache.maven.surefire.booter.ForkedBooter.runSuitesInProcess(ForkedBooter.java:115) [surefire-booter-2.12.4.jar:2.12.4]
	at org.apache.maven.surefire.booter.ForkedBooter.main(ForkedBooter.java:75) [surefire-booter-2.12.4.jar:2.12.4]
14:17:13.228 [main] INFO  o.a.http.impl.execchain.RetryExec - Retrying request to {}-&gt;http://192.168.90.102:80
14:17:13.228 [main] DEBUG o.a.h.c.protocol.RequestAddCookies - CookieSpec selected: best-match
14:17:13.228 [main] DEBUG o.a.h.c.protocol.RequestAuthCache - Auth cache not set in the context
14:17:13.228 [main] DEBUG o.a.h.i.c.PoolingHttpClientConnectionManager - Connection request: [route: {}-&gt;http://192.168.90.102:80][total kept alive: 0; route allocated: 0 of 2; total allocated: 0 of 20]
14:17:13.228 [main] DEBUG o.a.h.i.c.PoolingHttpClientConnectionManager - Connection leased: [id: 10][route: {}-&gt;http://192.168.90.102:80][total kept alive: 0; route allocated: 1 of 2; total allocated: 1 of 20]
14:17:13.228 [main] DEBUG o.a.h.impl.execchain.MainClientExec - Opening connection {}-&gt;http://192.168.90.102:80
14:17:13.229 [main] DEBUG o.a.h.i.c.HttpClientConnectionOperator - Connecting to /192.168.90.102:80
14:17:34.262 [main] DEBUG o.a.h.i.c.DefaultManagedHttpClientConnection - http-outgoing-10: Shutdown connection
14:17:34.263 [main] DEBUG o.a.h.impl.execchain.MainClientExec - Connection discarded
14:17:34.263 [main] DEBUG o.a.h.i.c.DefaultManagedHttpClientConnection - http-outgoing-10: Close connection
14:17:34.263 [main] DEBUG o.a.h.i.c.PoolingHttpClientConnectionManager - Connection released: [id: 10][route: {}-&gt;http://192.168.90.102:80][total kept alive: 0; route allocated: 0 of 2; total allocated: 0 of 20]
14:17:34.263 [main] INFO  o.a.http.impl.execchain.RetryExec - I/O exception (java.net.SocketException) caught when processing request to {}-&gt;http://192.168.90.102:80: Network is unreachable: connect
14:17:34.264 [main] DEBUG o.a.http.impl.execchain.RetryExec - Network is unreachable: connect
java.net.SocketException: Network is unreachable: connect
	at java.net.DualStackPlainSocketImpl.connect0(Native Method) ~[na:1.8.0_65]
	at java.net.DualStackPlainSocketImpl.socketConnect(DualStackPlainSocketImpl.java:79) ~[na:1.8.0_65]
	at java.net.AbstractPlainSocketImpl.doConnect(AbstractPlainSocketImpl.java:350) ~[na:1.8.0_65]
	at java.net.AbstractPlainSocketImpl.connectToAddress(AbstractPlainSocketImpl.java:206) ~[na:1.8.0_65]
	at java.net.AbstractPlainSocketImpl.connect(AbstractPlainSocketImpl.java:188) ~[na:1.8.0_65]
	at java.net.PlainSocketImpl.connect(PlainSocketImpl.java:172) ~[na:1.8.0_65]
	at java.net.SocksSocketImpl.connect(SocksSocketImpl.java:392) ~[na:1.8.0_65]
	at java.net.Socket.connect(Socket.java:589) ~[na:1.8.0_65]
	at org.apache.http.conn.socket.PlainConnectionSocketFactory.connectSocket(PlainConnectionSocketFactory.java:72) ~[httpclient-4.3.6.jar:4.3.6]
	at org.apache.http.impl.conn.HttpClientConnectionOperator.connect(HttpClientConnectionOperator.java:125) ~[httpclient-4.3.6.jar:4.3.6]
	at org.apache.http.impl.conn.PoolingHttpClientConnectionManager.connect(PoolingHttpClientConnectionManager.java:319) ~[httpclient-4.3.6.jar:4.3.6]
	at org.apache.http.impl.execchain.MainClientExec.establishRoute(MainClientExec.java:363) ~[httpclient-4.3.6.jar:4.3.6]
	at org.apache.http.impl.execchain.MainClientExec.execute(MainClientExec.java:219) ~[httpclient-4.3.6.jar:4.3.6]
	at org.apache.http.impl.execchain.ProtocolExec.execute(ProtocolExec.java:195) ~[httpclient-4.3.6.jar:4.3.6]
	at org.apache.http.impl.execchain.RetryExec.execute(RetryExec.java:86) ~[httpclient-4.3.6.jar:4.3.6]
	at org.apache.http.impl.execchain.RedirectExec.execute(RedirectExec.java:108) [httpclient-4.3.6.jar:4.3.6]
	at org.apache.http.impl.client.InternalHttpClient.doExecute(InternalHttpClient.java:184) [httpclient-4.3.6.jar:4.3.6]
	at org.apache.http.impl.client.CloseableHttpClient.execute(CloseableHttpClient.java:82) [httpclient-4.3.6.jar:4.3.6]
	at org.apache.http.impl.client.CloseableHttpClient.execute(CloseableHttpClient.java:106) [httpclient-4.3.6.jar:4.3.6]
	at io.github.hengyunabc.zabbix.api.DefaultZabbixApi.call(DefaultZabbixApi.java:142) [classes/:na]
	at io.github.hengyunabc.zabbix.api.DefaultZabbixApi.apiVersion(DefaultZabbixApi.java:87) [classes/:na]
	at io.github.hengyunabc.zabbix.api.test.DefaultZabbixApiTest.testVersion(DefaultZabbixApiTest.java:36) [test-classes/:na]
	at sun.reflect.NativeMethodAccessorImpl.invoke0(Native Method) ~[na:1.8.0_65]
	at sun.reflect.NativeMethodAccessorImpl.invoke(NativeMethodAccessorImpl.java:62) ~[na:1.8.0_65]
	at sun.reflect.DelegatingMethodAccessorImpl.invoke(DelegatingMethodAccessorImpl.java:43) ~[na:1.8.0_65]
	at java.lang.reflect.Method.invoke(Method.java:497) ~[na:1.8.0_65]
	at org.junit.runners.model.FrameworkMethod$1.runReflectiveCall(FrameworkMethod.java:47) [junit-4.11.jar:na]
	at org.junit.internal.runners.model.ReflectiveCallable.run(ReflectiveCallable.java:12) [junit-4.11.jar:na]
	at org.junit.runners.model.FrameworkMethod.invokeExplosively(FrameworkMethod.java:44) [junit-4.11.jar:na]
	at org.junit.internal.runners.statements.InvokeMethod.evaluate(InvokeMethod.java:17) [junit-4.11.jar:na]
	at org.junit.internal.runners.statements.RunBefores.evaluate(RunBefores.java:26) [junit-4.11.jar:na]
	at org.junit.internal.runners.statements.RunAfters.evaluate(RunAfters.java:27) [junit-4.11.jar:na]
	at org.junit.runners.ParentRunner.runLeaf(ParentRunner.java:271) [junit-4.11.jar:na]
	at org.junit.runners.BlockJUnit4ClassRunner.runChild(BlockJUnit4ClassRunner.java:70) [junit-4.11.jar:na]
	at org.junit.runners.BlockJUnit4ClassRunner.runChild(BlockJUnit4ClassRunner.java:50) [junit-4.11.jar:na]
	at org.junit.runners.ParentRunner$3.run(ParentRunner.java:238) [junit-4.11.jar:na]
	at org.junit.runners.ParentRunner$1.schedule(ParentRunner.java:63) [junit-4.11.jar:na]
	at org.junit.runners.ParentRunner.runChildren(ParentRunner.java:236) [junit-4.11.jar:na]
	at org.junit.runners.ParentRunner.access$000(ParentRunner.java:53) [junit-4.11.jar:na]
	at org.junit.runners.ParentRunner$2.evaluate(ParentRunner.java:229) [junit-4.11.jar:na]
	at org.junit.runners.ParentRunner.run(ParentRunner.java:309) [junit-4.11.jar:na]
	at org.apache.maven.surefire.junit4.JUnit4Provider.execute(JUnit4Provider.java:252) [surefire-junit4-2.12.4.jar:2.12.4]
	at org.apache.maven.surefire.junit4.JUnit4Provider.executeTestSet(JUnit4Provider.java:141) [surefire-junit4-2.12.4.jar:2.12.4]
	at org.apache.maven.surefire.junit4.JUnit4Provider.invoke(JUnit4Provider.java:112) [surefire-junit4-2.12.4.jar:2.12.4]
	at sun.reflect.NativeMethodAccessorImpl.invoke0(Native Method) ~[na:1.8.0_65]
	at sun.reflect.NativeMethodAccessorImpl.invoke(NativeMethodAccessorImpl.java:62) ~[na:1.8.0_65]
	at sun.reflect.DelegatingMethodAccessorImpl.invoke(DelegatingMethodAccessorImpl.java:43) ~[na:1.8.0_65]
	at java.lang.reflect.Method.invoke(Method.java:497) ~[na:1.8.0_65]
	at org.apache.maven.surefire.util.ReflectionUtils.invokeMethodWithArray(ReflectionUtils.java:189) [surefire-api-2.12.4.jar:2.12.4]
	at org.apache.maven.surefire.booter.ProviderFactory$ProviderProxy.invoke(ProviderFactory.java:165) [surefire-booter-2.12.4.jar:2.12.4]
	at org.apache.maven.surefire.booter.ProviderFactory.invokeProvider(ProviderFactory.java:85) [surefire-booter-2.12.4.jar:2.12.4]
	at org.apache.maven.surefire.booter.ForkedBooter.runSuitesInProcess(ForkedBooter.java:115) [surefire-booter-2.12.4.jar:2.12.4]
	at org.apache.maven.surefire.booter.ForkedBooter.main(ForkedBooter.java:75) [surefire-booter-2.12.4.jar:2.12.4]
14:17:34.267 [main] INFO  o.a.http.impl.execchain.RetryExec - Retrying request to {}-&gt;http://192.168.90.102:80
14:17:34.267 [main] DEBUG o.a.h.c.protocol.RequestAddCookies - CookieSpec selected: best-match
14:17:34.267 [main] DEBUG o.a.h.c.protocol.RequestAuthCache - Auth cache not set in the context
14:17:34.267 [main] DEBUG o.a.h.i.c.PoolingHttpClientConnectionManager - Connection request: [route: {}-&gt;http://192.168.90.102:80][total kept alive: 0; route allocated: 0 of 2; total allocated: 0 of 20]
14:17:34.267 [main] DEBUG o.a.h.i.c.PoolingHttpClientConnectionManager - Connection leased: [id: 11][route: {}-&gt;http://192.168.90.102:80][total kept alive: 0; route allocated: 1 of 2; total allocated: 1 of 20]
14:17:34.268 [main] DEBUG o.a.h.impl.execchain.MainClientExec - Opening connection {}-&gt;http://192.168.90.102:80
14:17:34.268 [main] DEBUG o.a.h.i.c.HttpClientConnectionOperator - Connecting to /192.168.90.102:80
14:17:55.303 [main] DEBUG o.a.h.i.c.DefaultManagedHttpClientConnection - http-outgoing-11: Shutdown connection
14:17:55.303 [main] DEBUG o.a.h.impl.execchain.MainClientExec - Connection discarded
14:17:55.303 [main] DEBUG o.a.h.i.c.DefaultManagedHttpClientConnection - http-outgoing-11: Close connection
14:17:55.303 [main] DEBUG o.a.h.i.c.PoolingHttpClientConnectionManager - Connection released: [id: 11][route: {}-&gt;http://192.168.90.102:80][total kept alive: 0; route allocated: 0 of 2; total allocated: 0 of 20]
14:17:55.304 [main] DEBUG o.a.h.i.c.PoolingHttpClientConnectionManager - Connection manager is shutting down
14:17:55.305 [main] DEBUG o.a.h.i.c.PoolingHttpClientConnectionManager - Connection manager shut down
</system-out>
  </testcase>
  <testcase classname="io.github.hengyunabc.zabbix.api.test.DefaultZabbixApiTest" name="testHostGet" time="84.104">
    <error message="DefaultZabbixApi call exception!" type="java.lang.RuntimeException">java.lang.RuntimeException: DefaultZabbixApi call exception!
	at io.github.hengyunabc.zabbix.api.DefaultZabbixApi.call(DefaultZabbixApi.java:147)
	at io.github.hengyunabc.zabbix.api.DefaultZabbixApi.login(DefaultZabbixApi.java:74)
	at io.github.hengyunabc.zabbix.api.test.DefaultZabbixApiTest.testHostGet(DefaultZabbixApiTest.java:57)
	at sun.reflect.NativeMethodAccessorImpl.invoke0(Native Method)
	at sun.reflect.NativeMethodAccessorImpl.invoke(NativeMethodAccessorImpl.java:62)
	at sun.reflect.DelegatingMethodAccessorImpl.invoke(DelegatingMethodAccessorImpl.java:43)
	at java.lang.reflect.Method.invoke(Method.java:497)
	at org.junit.runners.model.FrameworkMethod$1.runReflectiveCall(FrameworkMethod.java:47)
	at org.junit.internal.runners.model.ReflectiveCallable.run(ReflectiveCallable.java:12)
	at org.junit.runners.model.FrameworkMethod.invokeExplosively(FrameworkMethod.java:44)
	at org.junit.internal.runners.statements.InvokeMethod.evaluate(InvokeMethod.java:17)
	at org.junit.internal.runners.statements.RunBefores.evaluate(RunBefores.java:26)
	at org.junit.internal.runners.statements.RunAfters.evaluate(RunAfters.java:27)
	at org.junit.runners.ParentRunner.runLeaf(ParentRunner.java:271)
	at org.junit.runners.BlockJUnit4ClassRunner.runChild(BlockJUnit4ClassRunner.java:70)
	at org.junit.runners.BlockJUnit4ClassRunner.runChild(BlockJUnit4ClassRunner.java:50)
	at org.junit.runners.ParentRunner$3.run(ParentRunner.java:238)
	at org.junit.runners.ParentRunner$1.schedule(ParentRunner.java:63)
	at org.junit.runners.ParentRunner.runChildren(ParentRunner.java:236)
	at org.junit.runners.ParentRunner.access$000(ParentRunner.java:53)
	at org.junit.runners.ParentRunner$2.evaluate(ParentRunner.java:229)
	at org.junit.runners.ParentRunner.run(ParentRunner.java:309)
	at org.apache.maven.surefire.junit4.JUnit4Provider.execute(JUnit4Provider.java:252)
	at org.apache.maven.surefire.junit4.JUnit4Provider.executeTestSet(JUnit4Provider.java:141)
	at org.apache.maven.surefire.junit4.JUnit4Provider.invoke(JUnit4Provider.java:112)
	at sun.reflect.NativeMethodAccessorImpl.invoke0(Native Method)
	at sun.reflect.NativeMethodAccessorImpl.invoke(NativeMethodAccessorImpl.java:62)
	at sun.reflect.DelegatingMethodAccessorImpl.invoke(DelegatingMethodAccessorImpl.java:43)
	at java.lang.reflect.Method.invoke(Method.java:497)
	at org.apache.maven.surefire.util.ReflectionUtils.invokeMethodWithArray(ReflectionUtils.java:189)
	at org.apache.maven.surefire.booter.ProviderFactory$ProviderProxy.invoke(ProviderFactory.java:165)
	at org.apache.maven.surefire.booter.ProviderFactory.invokeProvider(ProviderFactory.java:85)
	at org.apache.maven.surefire.booter.ForkedBooter.runSuitesInProcess(ForkedBooter.java:115)
	at org.apache.maven.surefire.booter.ForkedBooter.main(ForkedBooter.java:75)
Caused by: java.net.SocketException: Network is unreachable: connect
	at java.net.DualStackPlainSocketImpl.connect0(Native Method)
	at java.net.DualStackPlainSocketImpl.socketConnect(DualStackPlainSocketImpl.java:79)
	at java.net.AbstractPlainSocketImpl.doConnect(AbstractPlainSocketImpl.java:350)
	at java.net.AbstractPlainSocketImpl.connectToAddress(AbstractPlainSocketImpl.java:206)
	at java.net.AbstractPlainSocketImpl.connect(AbstractPlainSocketImpl.java:188)
	at java.net.PlainSocketImpl.connect(PlainSocketImpl.java:172)
	at java.net.SocksSocketImpl.connect(SocksSocketImpl.java:392)
	at java.net.Socket.connect(Socket.java:589)
	at org.apache.http.conn.socket.PlainConnectionSocketFactory.connectSocket(PlainConnectionSocketFactory.java:72)
	at org.apache.http.impl.conn.HttpClientConnectionOperator.connect(HttpClientConnectionOperator.java:125)
	at org.apache.http.impl.conn.PoolingHttpClientConnectionManager.connect(PoolingHttpClientConnectionManager.java:319)
	at org.apache.http.impl.execchain.MainClientExec.establishRoute(MainClientExec.java:363)
	at org.apache.http.impl.execchain.MainClientExec.execute(MainClientExec.java:219)
	at org.apache.http.impl.execchain.ProtocolExec.execute(ProtocolExec.java:195)
	at org.apache.http.impl.execchain.RetryExec.execute(RetryExec.java:86)
	at org.apache.http.impl.execchain.RedirectExec.execute(RedirectExec.java:108)
	at org.apache.http.impl.client.InternalHttpClient.doExecute(InternalHttpClient.java:184)
	at org.apache.http.impl.client.CloseableHttpClient.execute(CloseableHttpClient.java:82)
	at org.apache.http.impl.client.CloseableHttpClient.execute(CloseableHttpClient.java:106)
	at io.github.hengyunabc.zabbix.api.DefaultZabbixApi.call(DefaultZabbixApi.java:142)
	... 33 more
</error>
    <system-out>14:17:55.319 [main] DEBUG o.a.h.c.protocol.RequestAddCookies - CookieSpec selected: best-match
14:17:55.320 [main] DEBUG o.a.h.c.protocol.RequestAuthCache - Auth cache not set in the context
14:17:55.320 [main] DEBUG o.a.h.i.c.PoolingHttpClientConnectionManager - Connection request: [route: {}-&gt;http://192.168.90.102:80][total kept alive: 0; route allocated: 0 of 2; total allocated: 0 of 20]
14:17:55.321 [main] DEBUG o.a.h.i.c.PoolingHttpClientConnectionManager - Connection leased: [id: 12][route: {}-&gt;http://192.168.90.102:80][total kept alive: 0; route allocated: 1 of 2; total allocated: 1 of 20]
14:17:55.321 [main] DEBUG o.a.h.impl.execchain.MainClientExec - Opening connection {}-&gt;http://192.168.90.102:80
14:17:55.322 [main] DEBUG o.a.h.i.c.HttpClientConnectionOperator - Connecting to /192.168.90.102:80
14:18:16.338 [main] DEBUG o.a.h.i.c.DefaultManagedHttpClientConnection - http-outgoing-12: Shutdown connection
14:18:16.338 [main] DEBUG o.a.h.impl.execchain.MainClientExec - Connection discarded
14:18:16.338 [main] DEBUG o.a.h.i.c.DefaultManagedHttpClientConnection - http-outgoing-12: Close connection
14:18:16.338 [main] DEBUG o.a.h.i.c.PoolingHttpClientConnectionManager - Connection released: [id: 12][route: {}-&gt;http://192.168.90.102:80][total kept alive: 0; route allocated: 0 of 2; total allocated: 0 of 20]
14:18:16.339 [main] INFO  o.a.http.impl.execchain.RetryExec - I/O exception (java.net.SocketException) caught when processing request to {}-&gt;http://192.168.90.102:80: Network is unreachable: connect
14:18:16.340 [main] DEBUG o.a.http.impl.execchain.RetryExec - Network is unreachable: connect
java.net.SocketException: Network is unreachable: connect
	at java.net.DualStackPlainSocketImpl.connect0(Native Method) ~[na:1.8.0_65]
	at java.net.DualStackPlainSocketImpl.socketConnect(DualStackPlainSocketImpl.java:79) ~[na:1.8.0_65]
	at java.net.AbstractPlainSocketImpl.doConnect(AbstractPlainSocketImpl.java:350) ~[na:1.8.0_65]
	at java.net.AbstractPlainSocketImpl.connectToAddress(AbstractPlainSocketImpl.java:206) ~[na:1.8.0_65]
	at java.net.AbstractPlainSocketImpl.connect(AbstractPlainSocketImpl.java:188) ~[na:1.8.0_65]
	at java.net.PlainSocketImpl.connect(PlainSocketImpl.java:172) ~[na:1.8.0_65]
	at java.net.SocksSocketImpl.connect(SocksSocketImpl.java:392) ~[na:1.8.0_65]
	at java.net.Socket.connect(Socket.java:589) ~[na:1.8.0_65]
	at org.apache.http.conn.socket.PlainConnectionSocketFactory.connectSocket(PlainConnectionSocketFactory.java:72) ~[httpclient-4.3.6.jar:4.3.6]
	at org.apache.http.impl.conn.HttpClientConnectionOperator.connect(HttpClientConnectionOperator.java:125) ~[httpclient-4.3.6.jar:4.3.6]
	at org.apache.http.impl.conn.PoolingHttpClientConnectionManager.connect(PoolingHttpClientConnectionManager.java:319) ~[httpclient-4.3.6.jar:4.3.6]
	at org.apache.http.impl.execchain.MainClientExec.establishRoute(MainClientExec.java:363) ~[httpclient-4.3.6.jar:4.3.6]
	at org.apache.http.impl.execchain.MainClientExec.execute(MainClientExec.java:219) ~[httpclient-4.3.6.jar:4.3.6]
	at org.apache.http.impl.execchain.ProtocolExec.execute(ProtocolExec.java:195) ~[httpclient-4.3.6.jar:4.3.6]
	at org.apache.http.impl.execchain.RetryExec.execute(RetryExec.java:86) ~[httpclient-4.3.6.jar:4.3.6]
	at org.apache.http.impl.execchain.RedirectExec.execute(RedirectExec.java:108) [httpclient-4.3.6.jar:4.3.6]
	at org.apache.http.impl.client.InternalHttpClient.doExecute(InternalHttpClient.java:184) [httpclient-4.3.6.jar:4.3.6]
	at org.apache.http.impl.client.CloseableHttpClient.execute(CloseableHttpClient.java:82) [httpclient-4.3.6.jar:4.3.6]
	at org.apache.http.impl.client.CloseableHttpClient.execute(CloseableHttpClient.java:106) [httpclient-4.3.6.jar:4.3.6]
	at io.github.hengyunabc.zabbix.api.DefaultZabbixApi.call(DefaultZabbixApi.java:142) [classes/:na]
	at io.github.hengyunabc.zabbix.api.DefaultZabbixApi.login(DefaultZabbixApi.java:74) [classes/:na]
	at io.github.hengyunabc.zabbix.api.test.DefaultZabbixApiTest.testHostGet(DefaultZabbixApiTest.java:57) [test-classes/:na]
	at sun.reflect.NativeMethodAccessorImpl.invoke0(Native Method) ~[na:1.8.0_65]
	at sun.reflect.NativeMethodAccessorImpl.invoke(NativeMethodAccessorImpl.java:62) ~[na:1.8.0_65]
	at sun.reflect.DelegatingMethodAccessorImpl.invoke(DelegatingMethodAccessorImpl.java:43) ~[na:1.8.0_65]
	at java.lang.reflect.Method.invoke(Method.java:497) ~[na:1.8.0_65]
	at org.junit.runners.model.FrameworkMethod$1.runReflectiveCall(FrameworkMethod.java:47) [junit-4.11.jar:na]
	at org.junit.internal.runners.model.ReflectiveCallable.run(ReflectiveCallable.java:12) [junit-4.11.jar:na]
	at org.junit.runners.model.FrameworkMethod.invokeExplosively(FrameworkMethod.java:44) [junit-4.11.jar:na]
	at org.junit.internal.runners.statements.InvokeMethod.evaluate(InvokeMethod.java:17) [junit-4.11.jar:na]
	at org.junit.internal.runners.statements.RunBefores.evaluate(RunBefores.java:26) [junit-4.11.jar:na]
	at org.junit.internal.runners.statements.RunAfters.evaluate(RunAfters.java:27) [junit-4.11.jar:na]
	at org.junit.runners.ParentRunner.runLeaf(ParentRunner.java:271) [junit-4.11.jar:na]
	at org.junit.runners.BlockJUnit4ClassRunner.runChild(BlockJUnit4ClassRunner.java:70) [junit-4.11.jar:na]
	at org.junit.runners.BlockJUnit4ClassRunner.runChild(BlockJUnit4ClassRunner.java:50) [junit-4.11.jar:na]
	at org.junit.runners.ParentRunner$3.run(ParentRunner.java:238) [junit-4.11.jar:na]
	at org.junit.runners.ParentRunner$1.schedule(ParentRunner.java:63) [junit-4.11.jar:na]
	at org.junit.runners.ParentRunner.runChildren(ParentRunner.java:236) [junit-4.11.jar:na]
	at org.junit.runners.ParentRunner.access$000(ParentRunner.java:53) [junit-4.11.jar:na]
	at org.junit.runners.ParentRunner$2.evaluate(ParentRunner.java:229) [junit-4.11.jar:na]
	at org.junit.runners.ParentRunner.run(ParentRunner.java:309) [junit-4.11.jar:na]
	at org.apache.maven.surefire.junit4.JUnit4Provider.execute(JUnit4Provider.java:252) [surefire-junit4-2.12.4.jar:2.12.4]
	at org.apache.maven.surefire.junit4.JUnit4Provider.executeTestSet(JUnit4Provider.java:141) [surefire-junit4-2.12.4.jar:2.12.4]
	at org.apache.maven.surefire.junit4.JUnit4Provider.invoke(JUnit4Provider.java:112) [surefire-junit4-2.12.4.jar:2.12.4]
	at sun.reflect.NativeMethodAccessorImpl.invoke0(Native Method) ~[na:1.8.0_65]
	at sun.reflect.NativeMethodAccessorImpl.invoke(NativeMethodAccessorImpl.java:62) ~[na:1.8.0_65]
	at sun.reflect.DelegatingMethodAccessorImpl.invoke(DelegatingMethodAccessorImpl.java:43) ~[na:1.8.0_65]
	at java.lang.reflect.Method.invoke(Method.java:497) ~[na:1.8.0_65]
	at org.apache.maven.surefire.util.ReflectionUtils.invokeMethodWithArray(ReflectionUtils.java:189) [surefire-api-2.12.4.jar:2.12.4]
	at org.apache.maven.surefire.booter.ProviderFactory$ProviderProxy.invoke(ProviderFactory.java:165) [surefire-booter-2.12.4.jar:2.12.4]
	at org.apache.maven.surefire.booter.ProviderFactory.invokeProvider(ProviderFactory.java:85) [surefire-booter-2.12.4.jar:2.12.4]
	at org.apache.maven.surefire.booter.ForkedBooter.runSuitesInProcess(ForkedBooter.java:115) [surefire-booter-2.12.4.jar:2.12.4]
	at org.apache.maven.surefire.booter.ForkedBooter.main(ForkedBooter.java:75) [surefire-booter-2.12.4.jar:2.12.4]
14:18:16.340 [main] INFO  o.a.http.impl.execchain.RetryExec - Retrying request to {}-&gt;http://192.168.90.102:80
14:18:16.340 [main] DEBUG o.a.h.c.protocol.RequestAddCookies - CookieSpec selected: best-match
14:18:16.341 [main] DEBUG o.a.h.c.protocol.RequestAuthCache - Auth cache not set in the context
14:18:16.341 [main] DEBUG o.a.h.i.c.PoolingHttpClientConnectionManager - Connection request: [route: {}-&gt;http://192.168.90.102:80][total kept alive: 0; route allocated: 0 of 2; total allocated: 0 of 20]
14:18:16.341 [main] DEBUG o.a.h.i.c.PoolingHttpClientConnectionManager - Connection leased: [id: 13][route: {}-&gt;http://192.168.90.102:80][total kept alive: 0; route allocated: 1 of 2; total allocated: 1 of 20]
14:18:16.341 [main] DEBUG o.a.h.impl.execchain.MainClientExec - Opening connection {}-&gt;http://192.168.90.102:80
14:18:16.341 [main] DEBUG o.a.h.i.c.HttpClientConnectionOperator - Connecting to /192.168.90.102:80
14:18:37.355 [main] DEBUG o.a.h.i.c.DefaultManagedHttpClientConnection - http-outgoing-13: Shutdown connection
14:18:37.355 [main] DEBUG o.a.h.impl.execchain.MainClientExec - Connection discarded
14:18:37.356 [main] DEBUG o.a.h.i.c.DefaultManagedHttpClientConnection - http-outgoing-13: Close connection
14:18:37.356 [main] DEBUG o.a.h.i.c.PoolingHttpClientConnectionManager - Connection released: [id: 13][route: {}-&gt;http://192.168.90.102:80][total kept alive: 0; route allocated: 0 of 2; total allocated: 0 of 20]
14:18:37.356 [main] INFO  o.a.http.impl.execchain.RetryExec - I/O exception (java.net.SocketException) caught when processing request to {}-&gt;http://192.168.90.102:80: Network is unreachable: connect
14:18:37.357 [main] DEBUG o.a.http.impl.execchain.RetryExec - Network is unreachable: connect
java.net.SocketException: Network is unreachable: connect
	at java.net.DualStackPlainSocketImpl.connect0(Native Method) ~[na:1.8.0_65]
	at java.net.DualStackPlainSocketImpl.socketConnect(DualStackPlainSocketImpl.java:79) ~[na:1.8.0_65]
	at java.net.AbstractPlainSocketImpl.doConnect(AbstractPlainSocketImpl.java:350) ~[na:1.8.0_65]
	at java.net.AbstractPlainSocketImpl.connectToAddress(AbstractPlainSocketImpl.java:206) ~[na:1.8.0_65]
	at java.net.AbstractPlainSocketImpl.connect(AbstractPlainSocketImpl.java:188) ~[na:1.8.0_65]
	at java.net.PlainSocketImpl.connect(PlainSocketImpl.java:172) ~[na:1.8.0_65]
	at java.net.SocksSocketImpl.connect(SocksSocketImpl.java:392) ~[na:1.8.0_65]
	at java.net.Socket.connect(Socket.java:589) ~[na:1.8.0_65]
	at org.apache.http.conn.socket.PlainConnectionSocketFactory.connectSocket(PlainConnectionSocketFactory.java:72) ~[httpclient-4.3.6.jar:4.3.6]
	at org.apache.http.impl.conn.HttpClientConnectionOperator.connect(HttpClientConnectionOperator.java:125) ~[httpclient-4.3.6.jar:4.3.6]
	at org.apache.http.impl.conn.PoolingHttpClientConnectionManager.connect(PoolingHttpClientConnectionManager.java:319) ~[httpclient-4.3.6.jar:4.3.6]
	at org.apache.http.impl.execchain.MainClientExec.establishRoute(MainClientExec.java:363) ~[httpclient-4.3.6.jar:4.3.6]
	at org.apache.http.impl.execchain.MainClientExec.execute(MainClientExec.java:219) ~[httpclient-4.3.6.jar:4.3.6]
	at org.apache.http.impl.execchain.ProtocolExec.execute(ProtocolExec.java:195) ~[httpclient-4.3.6.jar:4.3.6]
	at org.apache.http.impl.execchain.RetryExec.execute(RetryExec.java:86) ~[httpclient-4.3.6.jar:4.3.6]
	at org.apache.http.impl.execchain.RedirectExec.execute(RedirectExec.java:108) [httpclient-4.3.6.jar:4.3.6]
	at org.apache.http.impl.client.InternalHttpClient.doExecute(InternalHttpClient.java:184) [httpclient-4.3.6.jar:4.3.6]
	at org.apache.http.impl.client.CloseableHttpClient.execute(CloseableHttpClient.java:82) [httpclient-4.3.6.jar:4.3.6]
	at org.apache.http.impl.client.CloseableHttpClient.execute(CloseableHttpClient.java:106) [httpclient-4.3.6.jar:4.3.6]
	at io.github.hengyunabc.zabbix.api.DefaultZabbixApi.call(DefaultZabbixApi.java:142) [classes/:na]
	at io.github.hengyunabc.zabbix.api.DefaultZabbixApi.login(DefaultZabbixApi.java:74) [classes/:na]
	at io.github.hengyunabc.zabbix.api.test.DefaultZabbixApiTest.testHostGet(DefaultZabbixApiTest.java:57) [test-classes/:na]
	at sun.reflect.NativeMethodAccessorImpl.invoke0(Native Method) ~[na:1.8.0_65]
	at sun.reflect.NativeMethodAccessorImpl.invoke(NativeMethodAccessorImpl.java:62) ~[na:1.8.0_65]
	at sun.reflect.DelegatingMethodAccessorImpl.invoke(DelegatingMethodAccessorImpl.java:43) ~[na:1.8.0_65]
	at java.lang.reflect.Method.invoke(Method.java:497) ~[na:1.8.0_65]
	at org.junit.runners.model.FrameworkMethod$1.runReflectiveCall(FrameworkMethod.java:47) [junit-4.11.jar:na]
	at org.junit.internal.runners.model.ReflectiveCallable.run(ReflectiveCallable.java:12) [junit-4.11.jar:na]
	at org.junit.runners.model.FrameworkMethod.invokeExplosively(FrameworkMethod.java:44) [junit-4.11.jar:na]
	at org.junit.internal.runners.statements.InvokeMethod.evaluate(InvokeMethod.java:17) [junit-4.11.jar:na]
	at org.junit.internal.runners.statements.RunBefores.evaluate(RunBefores.java:26) [junit-4.11.jar:na]
	at org.junit.internal.runners.statements.RunAfters.evaluate(RunAfters.java:27) [junit-4.11.jar:na]
	at org.junit.runners.ParentRunner.runLeaf(ParentRunner.java:271) [junit-4.11.jar:na]
	at org.junit.runners.BlockJUnit4ClassRunner.runChild(BlockJUnit4ClassRunner.java:70) [junit-4.11.jar:na]
	at org.junit.runners.BlockJUnit4ClassRunner.runChild(BlockJUnit4ClassRunner.java:50) [junit-4.11.jar:na]
	at org.junit.runners.ParentRunner$3.run(ParentRunner.java:238) [junit-4.11.jar:na]
	at org.junit.runners.ParentRunner$1.schedule(ParentRunner.java:63) [junit-4.11.jar:na]
	at org.junit.runners.ParentRunner.runChildren(ParentRunner.java:236) [junit-4.11.jar:na]
	at org.junit.runners.ParentRunner.access$000(ParentRunner.java:53) [junit-4.11.jar:na]
	at org.junit.runners.ParentRunner$2.evaluate(ParentRunner.java:229) [junit-4.11.jar:na]
	at org.junit.runners.ParentRunner.run(ParentRunner.java:309) [junit-4.11.jar:na]
	at org.apache.maven.surefire.junit4.JUnit4Provider.execute(JUnit4Provider.java:252) [surefire-junit4-2.12.4.jar:2.12.4]
	at org.apache.maven.surefire.junit4.JUnit4Provider.executeTestSet(JUnit4Provider.java:141) [surefire-junit4-2.12.4.jar:2.12.4]
	at org.apache.maven.surefire.junit4.JUnit4Provider.invoke(JUnit4Provider.java:112) [surefire-junit4-2.12.4.jar:2.12.4]
	at sun.reflect.NativeMethodAccessorImpl.invoke0(Native Method) ~[na:1.8.0_65]
	at sun.reflect.NativeMethodAccessorImpl.invoke(NativeMethodAccessorImpl.java:62) ~[na:1.8.0_65]
	at sun.reflect.DelegatingMethodAccessorImpl.invoke(DelegatingMethodAccessorImpl.java:43) ~[na:1.8.0_65]
	at java.lang.reflect.Method.invoke(Method.java:497) ~[na:1.8.0_65]
	at org.apache.maven.surefire.util.ReflectionUtils.invokeMethodWithArray(ReflectionUtils.java:189) [surefire-api-2.12.4.jar:2.12.4]
	at org.apache.maven.surefire.booter.ProviderFactory$ProviderProxy.invoke(ProviderFactory.java:165) [surefire-booter-2.12.4.jar:2.12.4]
	at org.apache.maven.surefire.booter.ProviderFactory.invokeProvider(ProviderFactory.java:85) [surefire-booter-2.12.4.jar:2.12.4]
	at org.apache.maven.surefire.booter.ForkedBooter.runSuitesInProcess(ForkedBooter.java:115) [surefire-booter-2.12.4.jar:2.12.4]
	at org.apache.maven.surefire.booter.ForkedBooter.main(ForkedBooter.java:75) [surefire-booter-2.12.4.jar:2.12.4]
14:18:37.357 [main] INFO  o.a.http.impl.execchain.RetryExec - Retrying request to {}-&gt;http://192.168.90.102:80
14:18:37.357 [main] DEBUG o.a.h.c.protocol.RequestAddCookies - CookieSpec selected: best-match
14:18:37.357 [main] DEBUG o.a.h.c.protocol.RequestAuthCache - Auth cache not set in the context
14:18:37.357 [main] DEBUG o.a.h.i.c.PoolingHttpClientConnectionManager - Connection request: [route: {}-&gt;http://192.168.90.102:80][total kept alive: 0; route allocated: 0 of 2; total allocated: 0 of 20]
14:18:37.358 [main] DEBUG o.a.h.i.c.PoolingHttpClientConnectionManager - Connection leased: [id: 14][route: {}-&gt;http://192.168.90.102:80][total kept alive: 0; route allocated: 1 of 2; total allocated: 1 of 20]
14:18:37.358 [main] DEBUG o.a.h.impl.execchain.MainClientExec - Opening connection {}-&gt;http://192.168.90.102:80
14:18:37.358 [main] DEBUG o.a.h.i.c.HttpClientConnectionOperator - Connecting to /192.168.90.102:80
14:18:58.365 [main] DEBUG o.a.h.i.c.DefaultManagedHttpClientConnection - http-outgoing-14: Shutdown connection
14:18:58.365 [main] DEBUG o.a.h.impl.execchain.MainClientExec - Connection discarded
14:18:58.365 [main] DEBUG o.a.h.i.c.DefaultManagedHttpClientConnection - http-outgoing-14: Close connection
14:18:58.366 [main] DEBUG o.a.h.i.c.PoolingHttpClientConnectionManager - Connection released: [id: 14][route: {}-&gt;http://192.168.90.102:80][total kept alive: 0; route allocated: 0 of 2; total allocated: 0 of 20]
14:18:58.366 [main] INFO  o.a.http.impl.execchain.RetryExec - I/O exception (java.net.SocketException) caught when processing request to {}-&gt;http://192.168.90.102:80: Network is unreachable: connect
14:18:58.367 [main] DEBUG o.a.http.impl.execchain.RetryExec - Network is unreachable: connect
java.net.SocketException: Network is unreachable: connect
	at java.net.DualStackPlainSocketImpl.connect0(Native Method) ~[na:1.8.0_65]
	at java.net.DualStackPlainSocketImpl.socketConnect(DualStackPlainSocketImpl.java:79) ~[na:1.8.0_65]
	at java.net.AbstractPlainSocketImpl.doConnect(AbstractPlainSocketImpl.java:350) ~[na:1.8.0_65]
	at java.net.AbstractPlainSocketImpl.connectToAddress(AbstractPlainSocketImpl.java:206) ~[na:1.8.0_65]
	at java.net.AbstractPlainSocketImpl.connect(AbstractPlainSocketImpl.java:188) ~[na:1.8.0_65]
	at java.net.PlainSocketImpl.connect(PlainSocketImpl.java:172) ~[na:1.8.0_65]
	at java.net.SocksSocketImpl.connect(SocksSocketImpl.java:392) ~[na:1.8.0_65]
	at java.net.Socket.connect(Socket.java:589) ~[na:1.8.0_65]
	at org.apache.http.conn.socket.PlainConnectionSocketFactory.connectSocket(PlainConnectionSocketFactory.java:72) ~[httpclient-4.3.6.jar:4.3.6]
	at org.apache.http.impl.conn.HttpClientConnectionOperator.connect(HttpClientConnectionOperator.java:125) ~[httpclient-4.3.6.jar:4.3.6]
	at org.apache.http.impl.conn.PoolingHttpClientConnectionManager.connect(PoolingHttpClientConnectionManager.java:319) ~[httpclient-4.3.6.jar:4.3.6]
	at org.apache.http.impl.execchain.MainClientExec.establishRoute(MainClientExec.java:363) ~[httpclient-4.3.6.jar:4.3.6]
	at org.apache.http.impl.execchain.MainClientExec.execute(MainClientExec.java:219) ~[httpclient-4.3.6.jar:4.3.6]
	at org.apache.http.impl.execchain.ProtocolExec.execute(ProtocolExec.java:195) ~[httpclient-4.3.6.jar:4.3.6]
	at org.apache.http.impl.execchain.RetryExec.execute(RetryExec.java:86) ~[httpclient-4.3.6.jar:4.3.6]
	at org.apache.http.impl.execchain.RedirectExec.execute(RedirectExec.java:108) [httpclient-4.3.6.jar:4.3.6]
	at org.apache.http.impl.client.InternalHttpClient.doExecute(InternalHttpClient.java:184) [httpclient-4.3.6.jar:4.3.6]
	at org.apache.http.impl.client.CloseableHttpClient.execute(CloseableHttpClient.java:82) [httpclient-4.3.6.jar:4.3.6]
	at org.apache.http.impl.client.CloseableHttpClient.execute(CloseableHttpClient.java:106) [httpclient-4.3.6.jar:4.3.6]
	at io.github.hengyunabc.zabbix.api.DefaultZabbixApi.call(DefaultZabbixApi.java:142) [classes/:na]
	at io.github.hengyunabc.zabbix.api.DefaultZabbixApi.login(DefaultZabbixApi.java:74) [classes/:na]
	at io.github.hengyunabc.zabbix.api.test.DefaultZabbixApiTest.testHostGet(DefaultZabbixApiTest.java:57) [test-classes/:na]
	at sun.reflect.NativeMethodAccessorImpl.invoke0(Native Method) ~[na:1.8.0_65]
	at sun.reflect.NativeMethodAccessorImpl.invoke(NativeMethodAccessorImpl.java:62) ~[na:1.8.0_65]
	at sun.reflect.DelegatingMethodAccessorImpl.invoke(DelegatingMethodAccessorImpl.java:43) ~[na:1.8.0_65]
	at java.lang.reflect.Method.invoke(Method.java:497) ~[na:1.8.0_65]
	at org.junit.runners.model.FrameworkMethod$1.runReflectiveCall(FrameworkMethod.java:47) [junit-4.11.jar:na]
	at org.junit.internal.runners.model.ReflectiveCallable.run(ReflectiveCallable.java:12) [junit-4.11.jar:na]
	at org.junit.runners.model.FrameworkMethod.invokeExplosively(FrameworkMethod.java:44) [junit-4.11.jar:na]
	at org.junit.internal.runners.statements.InvokeMethod.evaluate(InvokeMethod.java:17) [junit-4.11.jar:na]
	at org.junit.internal.runners.statements.RunBefores.evaluate(RunBefores.java:26) [junit-4.11.jar:na]
	at org.junit.internal.runners.statements.RunAfters.evaluate(RunAfters.java:27) [junit-4.11.jar:na]
	at org.junit.runners.ParentRunner.runLeaf(ParentRunner.java:271) [junit-4.11.jar:na]
	at org.junit.runners.BlockJUnit4ClassRunner.runChild(BlockJUnit4ClassRunner.java:70) [junit-4.11.jar:na]
	at org.junit.runners.BlockJUnit4ClassRunner.runChild(BlockJUnit4ClassRunner.java:50) [junit-4.11.jar:na]
	at org.junit.runners.ParentRunner$3.run(ParentRunner.java:238) [junit-4.11.jar:na]
	at org.junit.runners.ParentRunner$1.schedule(ParentRunner.java:63) [junit-4.11.jar:na]
	at org.junit.runners.ParentRunner.runChildren(ParentRunner.java:236) [junit-4.11.jar:na]
	at org.junit.runners.ParentRunner.access$000(ParentRunner.java:53) [junit-4.11.jar:na]
	at org.junit.runners.ParentRunner$2.evaluate(ParentRunner.java:229) [junit-4.11.jar:na]
	at org.junit.runners.ParentRunner.run(ParentRunner.java:309) [junit-4.11.jar:na]
	at org.apache.maven.surefire.junit4.JUnit4Provider.execute(JUnit4Provider.java:252) [surefire-junit4-2.12.4.jar:2.12.4]
	at org.apache.maven.surefire.junit4.JUnit4Provider.executeTestSet(JUnit4Provider.java:141) [surefire-junit4-2.12.4.jar:2.12.4]
	at org.apache.maven.surefire.junit4.JUnit4Provider.invoke(JUnit4Provider.java:112) [surefire-junit4-2.12.4.jar:2.12.4]
	at sun.reflect.NativeMethodAccessorImpl.invoke0(Native Method) ~[na:1.8.0_65]
	at sun.reflect.NativeMethodAccessorImpl.invoke(NativeMethodAccessorImpl.java:62) ~[na:1.8.0_65]
	at sun.reflect.DelegatingMethodAccessorImpl.invoke(DelegatingMethodAccessorImpl.java:43) ~[na:1.8.0_65]
	at java.lang.reflect.Method.invoke(Method.java:497) ~[na:1.8.0_65]
	at org.apache.maven.surefire.util.ReflectionUtils.invokeMethodWithArray(ReflectionUtils.java:189) [surefire-api-2.12.4.jar:2.12.4]
	at org.apache.maven.surefire.booter.ProviderFactory$ProviderProxy.invoke(ProviderFactory.java:165) [surefire-booter-2.12.4.jar:2.12.4]
	at org.apache.maven.surefire.booter.ProviderFactory.invokeProvider(ProviderFactory.java:85) [surefire-booter-2.12.4.jar:2.12.4]
	at org.apache.maven.surefire.booter.ForkedBooter.runSuitesInProcess(ForkedBooter.java:115) [surefire-booter-2.12.4.jar:2.12.4]
	at org.apache.maven.surefire.booter.ForkedBooter.main(ForkedBooter.java:75) [surefire-booter-2.12.4.jar:2.12.4]
14:18:58.367 [main] INFO  o.a.http.impl.execchain.RetryExec - Retrying request to {}-&gt;http://192.168.90.102:80
14:18:58.367 [main] DEBUG o.a.h.c.protocol.RequestAddCookies - CookieSpec selected: best-match
14:18:58.369 [main] DEBUG o.a.h.c.protocol.RequestAuthCache - Auth cache not set in the context
14:18:58.369 [main] DEBUG o.a.h.i.c.PoolingHttpClientConnectionManager - Connection request: [route: {}-&gt;http://192.168.90.102:80][total kept alive: 0; route allocated: 0 of 2; total allocated: 0 of 20]
14:18:58.369 [main] DEBUG o.a.h.i.c.PoolingHttpClientConnectionManager - Connection leased: [id: 15][route: {}-&gt;http://192.168.90.102:80][total kept alive: 0; route allocated: 1 of 2; total allocated: 1 of 20]
14:18:58.369 [main] DEBUG o.a.h.impl.execchain.MainClientExec - Opening connection {}-&gt;http://192.168.90.102:80
14:18:58.369 [main] DEBUG o.a.h.i.c.HttpClientConnectionOperator - Connecting to /192.168.90.102:80
14:19:19.406 [main] DEBUG o.a.h.i.c.DefaultManagedHttpClientConnection - http-outgoing-15: Shutdown connection
14:19:19.406 [main] DEBUG o.a.h.impl.execchain.MainClientExec - Connection discarded
14:19:19.406 [main] DEBUG o.a.h.i.c.DefaultManagedHttpClientConnection - http-outgoing-15: Close connection
14:19:19.407 [main] DEBUG o.a.h.i.c.PoolingHttpClientConnectionManager - Connection released: [id: 15][route: {}-&gt;http://192.168.90.102:80][total kept alive: 0; route allocated: 0 of 2; total allocated: 0 of 20]
14:19:19.407 [main] DEBUG o.a.h.i.c.PoolingHttpClientConnectionManager - Connection manager is shutting down
14:19:19.407 [main] DEBUG o.a.h.i.c.PoolingHttpClientConnectionManager - Connection manager shut down
</system-out>
  </testcase>
  <testcase classname="io.github.hengyunabc.zabbix.api.test.DefaultZabbixApiTest" name="testItemCreate" time="0.096">
    <error message="DefaultZabbixApi call exception!" type="java.lang.RuntimeException">java.lang.RuntimeException: DefaultZabbixApi call exception!
	at io.github.hengyunabc.zabbix.api.DefaultZabbixApi.call(DefaultZabbixApi.java:147)
	at io.github.hengyunabc.zabbix.api.DefaultZabbixApi.login(DefaultZabbixApi.java:74)
	at io.github.hengyunabc.zabbix.api.test.DefaultZabbixApiTest.testItemCreate(DefaultZabbixApiTest.java:75)
	at sun.reflect.NativeMethodAccessorImpl.invoke0(Native Method)
	at sun.reflect.NativeMethodAccessorImpl.invoke(NativeMethodAccessorImpl.java:62)
	at sun.reflect.DelegatingMethodAccessorImpl.invoke(DelegatingMethodAccessorImpl.java:43)
	at java.lang.reflect.Method.invoke(Method.java:497)
	at org.junit.runners.model.FrameworkMethod$1.runReflectiveCall(FrameworkMethod.java:47)
	at org.junit.internal.runners.model.ReflectiveCallable.run(ReflectiveCallable.java:12)
	at org.junit.runners.model.FrameworkMethod.invokeExplosively(FrameworkMethod.java:44)
	at org.junit.internal.runners.statements.InvokeMethod.evaluate(InvokeMethod.java:17)
	at org.junit.internal.runners.statements.RunBefores.evaluate(RunBefores.java:26)
	at org.junit.internal.runners.statements.RunAfters.evaluate(RunAfters.java:27)
	at org.junit.runners.ParentRunner.runLeaf(ParentRunner.java:271)
	at org.junit.runners.BlockJUnit4ClassRunner.runChild(BlockJUnit4ClassRunner.java:70)
	at org.junit.runners.BlockJUnit4ClassRunner.runChild(BlockJUnit4ClassRunner.java:50)
	at org.junit.runners.ParentRunner$3.run(ParentRunner.java:238)
	at org.junit.runners.ParentRunner$1.schedule(ParentRunner.java:63)
	at org.junit.runners.ParentRunner.runChildren(ParentRunner.java:236)
	at org.junit.runners.ParentRunner.access$000(ParentRunner.java:53)
	at org.junit.runners.ParentRunner$2.evaluate(ParentRunner.java:229)
	at org.junit.runners.ParentRunner.run(ParentRunner.java:309)
	at org.apache.maven.surefire.junit4.JUnit4Provider.execute(JUnit4Provider.java:252)
	at org.apache.maven.surefire.junit4.JUnit4Provider.executeTestSet(JUnit4Provider.java:141)
	at org.apache.maven.surefire.junit4.JUnit4Provider.invoke(JUnit4Provider.java:112)
	at sun.reflect.NativeMethodAccessorImpl.invoke0(Native Method)
	at sun.reflect.NativeMethodAccessorImpl.invoke(NativeMethodAccessorImpl.java:62)
	at sun.reflect.DelegatingMethodAccessorImpl.invoke(DelegatingMethodAccessorImpl.java:43)
	at java.lang.reflect.Method.invoke(Method.java:497)
	at org.apache.maven.surefire.util.ReflectionUtils.invokeMethodWithArray(ReflectionUtils.java:189)
	at org.apache.maven.surefire.booter.ProviderFactory$ProviderProxy.invoke(ProviderFactory.java:165)
	at org.apache.maven.surefire.booter.ProviderFactory.invokeProvider(ProviderFactory.java:85)
	at org.apache.maven.surefire.booter.ForkedBooter.runSuitesInProcess(ForkedBooter.java:115)
	at org.apache.maven.surefire.booter.ForkedBooter.main(ForkedBooter.java:75)
Caused by: java.net.SocketException: Network is unreachable: connect
	at java.net.DualStackPlainSocketImpl.connect0(Native Method)
	at java.net.DualStackPlainSocketImpl.socketConnect(DualStackPlainSocketImpl.java:79)
	at java.net.AbstractPlainSocketImpl.doConnect(AbstractPlainSocketImpl.java:350)
	at java.net.AbstractPlainSocketImpl.connectToAddress(AbstractPlainSocketImpl.java:206)
	at java.net.AbstractPlainSocketImpl.connect(AbstractPlainSocketImpl.java:188)
	at java.net.PlainSocketImpl.connect(PlainSocketImpl.java:172)
	at java.net.SocksSocketImpl.connect(SocksSocketImpl.java:392)
	at java.net.Socket.connect(Socket.java:589)
	at org.apache.http.conn.socket.PlainConnectionSocketFactory.connectSocket(PlainConnectionSocketFactory.java:72)
	at org.apache.http.impl.conn.HttpClientConnectionOperator.connect(HttpClientConnectionOperator.java:125)
	at org.apache.http.impl.conn.PoolingHttpClientConnectionManager.connect(PoolingHttpClientConnectionManager.java:319)
	at org.apache.http.impl.execchain.MainClientExec.establishRoute(MainClientExec.java:363)
	at org.apache.http.impl.execchain.MainClientExec.execute(MainClientExec.java:219)
	at org.apache.http.impl.execchain.ProtocolExec.execute(ProtocolExec.java:195)
	at org.apache.http.impl.execchain.RetryExec.execute(RetryExec.java:86)
	at org.apache.http.impl.execchain.RedirectExec.execute(RedirectExec.java:108)
	at org.apache.http.impl.client.InternalHttpClient.doExecute(InternalHttpClient.java:184)
	at org.apache.http.impl.client.CloseableHttpClient.execute(CloseableHttpClient.java:82)
	at org.apache.http.impl.client.CloseableHttpClient.execute(CloseableHttpClient.java:106)
	at io.github.hengyunabc.zabbix.api.DefaultZabbixApi.call(DefaultZabbixApi.java:142)
	... 33 more
</error>
    <system-out>14:19:19.424 [main] DEBUG o.a.h.c.protocol.RequestAddCookies - CookieSpec selected: best-match
14:19:19.424 [main] DEBUG o.a.h.c.protocol.RequestAuthCache - Auth cache not set in the context
14:19:19.424 [main] DEBUG o.a.h.i.c.PoolingHttpClientConnectionManager - Connection request: [route: {}-&gt;http://192.168.90.102:80][total kept alive: 0; route allocated: 0 of 2; total allocated: 0 of 20]
14:19:19.424 [main] DEBUG o.a.h.i.c.PoolingHttpClientConnectionManager - Connection leased: [id: 16][route: {}-&gt;http://192.168.90.102:80][total kept alive: 0; route allocated: 1 of 2; total allocated: 1 of 20]
14:19:19.424 [main] DEBUG o.a.h.impl.execchain.MainClientExec - Opening connection {}-&gt;http://192.168.90.102:80
14:19:19.424 [main] DEBUG o.a.h.i.c.HttpClientConnectionOperator - Connecting to /192.168.90.102:80
14:19:19.438 [main] DEBUG o.a.h.i.c.DefaultManagedHttpClientConnection - http-outgoing-16: Shutdown connection
14:19:19.438 [main] DEBUG o.a.h.impl.execchain.MainClientExec - Connection discarded
14:19:19.438 [main] DEBUG o.a.h.i.c.DefaultManagedHttpClientConnection - http-outgoing-16: Close connection
14:19:19.438 [main] DEBUG o.a.h.i.c.PoolingHttpClientConnectionManager - Connection released: [id: 16][route: {}-&gt;http://192.168.90.102:80][total kept alive: 0; route allocated: 0 of 2; total allocated: 0 of 20]
14:19:19.438 [main] INFO  o.a.http.impl.execchain.RetryExec - I/O exception (java.net.SocketException) caught when processing request to {}-&gt;http://192.168.90.102:80: Network is unreachable: connect
14:19:19.441 [main] DEBUG o.a.http.impl.execchain.RetryExec - Network is unreachable: connect
java.net.SocketException: Network is unreachable: connect
	at java.net.DualStackPlainSocketImpl.connect0(Native Method) ~[na:1.8.0_65]
	at java.net.DualStackPlainSocketImpl.socketConnect(DualStackPlainSocketImpl.java:79) ~[na:1.8.0_65]
	at java.net.AbstractPlainSocketImpl.doConnect(AbstractPlainSocketImpl.java:350) ~[na:1.8.0_65]
	at java.net.AbstractPlainSocketImpl.connectToAddress(AbstractPlainSocketImpl.java:206) ~[na:1.8.0_65]
	at java.net.AbstractPlainSocketImpl.connect(AbstractPlainSocketImpl.java:188) ~[na:1.8.0_65]
	at java.net.PlainSocketImpl.connect(PlainSocketImpl.java:172) ~[na:1.8.0_65]
	at java.net.SocksSocketImpl.connect(SocksSocketImpl.java:392) ~[na:1.8.0_65]
	at java.net.Socket.connect(Socket.java:589) ~[na:1.8.0_65]
	at org.apache.http.conn.socket.PlainConnectionSocketFactory.connectSocket(PlainConnectionSocketFactory.java:72) ~[httpclient-4.3.6.jar:4.3.6]
	at org.apache.http.impl.conn.HttpClientConnectionOperator.connect(HttpClientConnectionOperator.java:125) ~[httpclient-4.3.6.jar:4.3.6]
	at org.apache.http.impl.conn.PoolingHttpClientConnectionManager.connect(PoolingHttpClientConnectionManager.java:319) ~[httpclient-4.3.6.jar:4.3.6]
	at org.apache.http.impl.execchain.MainClientExec.establishRoute(MainClientExec.java:363) ~[httpclient-4.3.6.jar:4.3.6]
	at org.apache.http.impl.execchain.MainClientExec.execute(MainClientExec.java:219) ~[httpclient-4.3.6.jar:4.3.6]
	at org.apache.http.impl.execchain.ProtocolExec.execute(ProtocolExec.java:195) ~[httpclient-4.3.6.jar:4.3.6]
	at org.apache.http.impl.execchain.RetryExec.execute(RetryExec.java:86) ~[httpclient-4.3.6.jar:4.3.6]
	at org.apache.http.impl.execchain.RedirectExec.execute(RedirectExec.java:108) [httpclient-4.3.6.jar:4.3.6]
	at org.apache.http.impl.client.InternalHttpClient.doExecute(InternalHttpClient.java:184) [httpclient-4.3.6.jar:4.3.6]
	at org.apache.http.impl.client.CloseableHttpClient.execute(CloseableHttpClient.java:82) [httpclient-4.3.6.jar:4.3.6]
	at org.apache.http.impl.client.CloseableHttpClient.execute(CloseableHttpClient.java:106) [httpclient-4.3.6.jar:4.3.6]
	at io.github.hengyunabc.zabbix.api.DefaultZabbixApi.call(DefaultZabbixApi.java:142) [classes/:na]
	at io.github.hengyunabc.zabbix.api.DefaultZabbixApi.login(DefaultZabbixApi.java:74) [classes/:na]
	at io.github.hengyunabc.zabbix.api.test.DefaultZabbixApiTest.testItemCreate(DefaultZabbixApiTest.java:75) [test-classes/:na]
	at sun.reflect.NativeMethodAccessorImpl.invoke0(Native Method) ~[na:1.8.0_65]
	at sun.reflect.NativeMethodAccessorImpl.invoke(NativeMethodAccessorImpl.java:62) ~[na:1.8.0_65]
	at sun.reflect.DelegatingMethodAccessorImpl.invoke(DelegatingMethodAccessorImpl.java:43) ~[na:1.8.0_65]
	at java.lang.reflect.Method.invoke(Method.java:497) ~[na:1.8.0_65]
	at org.junit.runners.model.FrameworkMethod$1.runReflectiveCall(FrameworkMethod.java:47) [junit-4.11.jar:na]
	at org.junit.internal.runners.model.ReflectiveCallable.run(ReflectiveCallable.java:12) [junit-4.11.jar:na]
	at org.junit.runners.model.FrameworkMethod.invokeExplosively(FrameworkMethod.java:44) [junit-4.11.jar:na]
	at org.junit.internal.runners.statements.InvokeMethod.evaluate(InvokeMethod.java:17) [junit-4.11.jar:na]
	at org.junit.internal.runners.statements.RunBefores.evaluate(RunBefores.java:26) [junit-4.11.jar:na]
	at org.junit.internal.runners.statements.RunAfters.evaluate(RunAfters.java:27) [junit-4.11.jar:na]
	at org.junit.runners.ParentRunner.runLeaf(ParentRunner.java:271) [junit-4.11.jar:na]
	at org.junit.runners.BlockJUnit4ClassRunner.runChild(BlockJUnit4ClassRunner.java:70) [junit-4.11.jar:na]
	at org.junit.runners.BlockJUnit4ClassRunner.runChild(BlockJUnit4ClassRunner.java:50) [junit-4.11.jar:na]
	at org.junit.runners.ParentRunner$3.run(ParentRunner.java:238) [junit-4.11.jar:na]
	at org.junit.runners.ParentRunner$1.schedule(ParentRunner.java:63) [junit-4.11.jar:na]
	at org.junit.runners.ParentRunner.runChildren(ParentRunner.java:236) [junit-4.11.jar:na]
	at org.junit.runners.ParentRunner.access$000(ParentRunner.java:53) [junit-4.11.jar:na]
	at org.junit.runners.ParentRunner$2.evaluate(ParentRunner.java:229) [junit-4.11.jar:na]
	at org.junit.runners.ParentRunner.run(ParentRunner.java:309) [junit-4.11.jar:na]
	at org.apache.maven.surefire.junit4.JUnit4Provider.execute(JUnit4Provider.java:252) [surefire-junit4-2.12.4.jar:2.12.4]
	at org.apache.maven.surefire.junit4.JUnit4Provider.executeTestSet(JUnit4Provider.java:141) [surefire-junit4-2.12.4.jar:2.12.4]
	at org.apache.maven.surefire.junit4.JUnit4Provider.invoke(JUnit4Provider.java:112) [surefire-junit4-2.12.4.jar:2.12.4]
	at sun.reflect.NativeMethodAccessorImpl.invoke0(Native Method) ~[na:1.8.0_65]
	at sun.reflect.NativeMethodAccessorImpl.invoke(NativeMethodAccessorImpl.java:62) ~[na:1.8.0_65]
	at sun.reflect.DelegatingMethodAccessorImpl.invoke(DelegatingMethodAccessorImpl.java:43) ~[na:1.8.0_65]
	at java.lang.reflect.Method.invoke(Method.java:497) ~[na:1.8.0_65]
	at org.apache.maven.surefire.util.ReflectionUtils.invokeMethodWithArray(ReflectionUtils.java:189) [surefire-api-2.12.4.jar:2.12.4]
	at org.apache.maven.surefire.booter.ProviderFactory$ProviderProxy.invoke(ProviderFactory.java:165) [surefire-booter-2.12.4.jar:2.12.4]
	at org.apache.maven.surefire.booter.ProviderFactory.invokeProvider(ProviderFactory.java:85) [surefire-booter-2.12.4.jar:2.12.4]
	at org.apache.maven.surefire.booter.ForkedBooter.runSuitesInProcess(ForkedBooter.java:115) [surefire-booter-2.12.4.jar:2.12.4]
	at org.apache.maven.surefire.booter.ForkedBooter.main(ForkedBooter.java:75) [surefire-booter-2.12.4.jar:2.12.4]
14:19:19.458 [main] INFO  o.a.http.impl.execchain.RetryExec - Retrying request to {}-&gt;http://192.168.90.102:80
14:19:19.458 [main] DEBUG o.a.h.c.protocol.RequestAddCookies - CookieSpec selected: best-match
14:19:19.458 [main] DEBUG o.a.h.c.protocol.RequestAuthCache - Auth cache not set in the context
14:19:19.458 [main] DEBUG o.a.h.i.c.PoolingHttpClientConnectionManager - Connection request: [route: {}-&gt;http://192.168.90.102:80][total kept alive: 0; route allocated: 0 of 2; total allocated: 0 of 20]
14:19:19.458 [main] DEBUG o.a.h.i.c.PoolingHttpClientConnectionManager - Connection leased: [id: 17][route: {}-&gt;http://192.168.90.102:80][total kept alive: 0; route allocated: 1 of 2; total allocated: 1 of 20]
14:19:19.458 [main] DEBUG o.a.h.impl.execchain.MainClientExec - Opening connection {}-&gt;http://192.168.90.102:80
14:19:19.458 [main] DEBUG o.a.h.i.c.HttpClientConnectionOperator - Connecting to /192.168.90.102:80
14:19:19.468 [main] DEBUG o.a.h.i.c.DefaultManagedHttpClientConnection - http-outgoing-17: Shutdown connection
14:19:19.468 [main] DEBUG o.a.h.impl.execchain.MainClientExec - Connection discarded
14:19:19.468 [main] DEBUG o.a.h.i.c.DefaultManagedHttpClientConnection - http-outgoing-17: Close connection
14:19:19.469 [main] DEBUG o.a.h.i.c.PoolingHttpClientConnectionManager - Connection released: [id: 17][route: {}-&gt;http://192.168.90.102:80][total kept alive: 0; route allocated: 0 of 2; total allocated: 0 of 20]
14:19:19.469 [main] INFO  o.a.http.impl.execchain.RetryExec - I/O exception (java.net.SocketException) caught when processing request to {}-&gt;http://192.168.90.102:80: Network is unreachable: connect
14:19:19.470 [main] DEBUG o.a.http.impl.execchain.RetryExec - Network is unreachable: connect
java.net.SocketException: Network is unreachable: connect
	at java.net.DualStackPlainSocketImpl.connect0(Native Method) ~[na:1.8.0_65]
	at java.net.DualStackPlainSocketImpl.socketConnect(DualStackPlainSocketImpl.java:79) ~[na:1.8.0_65]
	at java.net.AbstractPlainSocketImpl.doConnect(AbstractPlainSocketImpl.java:350) ~[na:1.8.0_65]
	at java.net.AbstractPlainSocketImpl.connectToAddress(AbstractPlainSocketImpl.java:206) ~[na:1.8.0_65]
	at java.net.AbstractPlainSocketImpl.connect(AbstractPlainSocketImpl.java:188) ~[na:1.8.0_65]
	at java.net.PlainSocketImpl.connect(PlainSocketImpl.java:172) ~[na:1.8.0_65]
	at java.net.SocksSocketImpl.connect(SocksSocketImpl.java:392) ~[na:1.8.0_65]
	at java.net.Socket.connect(Socket.java:589) ~[na:1.8.0_65]
	at org.apache.http.conn.socket.PlainConnectionSocketFactory.connectSocket(PlainConnectionSocketFactory.java:72) ~[httpclient-4.3.6.jar:4.3.6]
	at org.apache.http.impl.conn.HttpClientConnectionOperator.connect(HttpClientConnectionOperator.java:125) ~[httpclient-4.3.6.jar:4.3.6]
	at org.apache.http.impl.conn.PoolingHttpClientConnectionManager.connect(PoolingHttpClientConnectionManager.java:319) ~[httpclient-4.3.6.jar:4.3.6]
	at org.apache.http.impl.execchain.MainClientExec.establishRoute(MainClientExec.java:363) ~[httpclient-4.3.6.jar:4.3.6]
	at org.apache.http.impl.execchain.MainClientExec.execute(MainClientExec.java:219) ~[httpclient-4.3.6.jar:4.3.6]
	at org.apache.http.impl.execchain.ProtocolExec.execute(ProtocolExec.java:195) ~[httpclient-4.3.6.jar:4.3.6]
	at org.apache.http.impl.execchain.RetryExec.execute(RetryExec.java:86) ~[httpclient-4.3.6.jar:4.3.6]
	at org.apache.http.impl.execchain.RedirectExec.execute(RedirectExec.java:108) [httpclient-4.3.6.jar:4.3.6]
	at org.apache.http.impl.client.InternalHttpClient.doExecute(InternalHttpClient.java:184) [httpclient-4.3.6.jar:4.3.6]
	at org.apache.http.impl.client.CloseableHttpClient.execute(CloseableHttpClient.java:82) [httpclient-4.3.6.jar:4.3.6]
	at org.apache.http.impl.client.CloseableHttpClient.execute(CloseableHttpClient.java:106) [httpclient-4.3.6.jar:4.3.6]
	at io.github.hengyunabc.zabbix.api.DefaultZabbixApi.call(DefaultZabbixApi.java:142) [classes/:na]
	at io.github.hengyunabc.zabbix.api.DefaultZabbixApi.login(DefaultZabbixApi.java:74) [classes/:na]
	at io.github.hengyunabc.zabbix.api.test.DefaultZabbixApiTest.testItemCreate(DefaultZabbixApiTest.java:75) [test-classes/:na]
	at sun.reflect.NativeMethodAccessorImpl.invoke0(Native Method) ~[na:1.8.0_65]
	at sun.reflect.NativeMethodAccessorImpl.invoke(NativeMethodAccessorImpl.java:62) ~[na:1.8.0_65]
	at sun.reflect.DelegatingMethodAccessorImpl.invoke(DelegatingMethodAccessorImpl.java:43) ~[na:1.8.0_65]
	at java.lang.reflect.Method.invoke(Method.java:497) ~[na:1.8.0_65]
	at org.junit.runners.model.FrameworkMethod$1.runReflectiveCall(FrameworkMethod.java:47) [junit-4.11.jar:na]
	at org.junit.internal.runners.model.ReflectiveCallable.run(ReflectiveCallable.java:12) [junit-4.11.jar:na]
	at org.junit.runners.model.FrameworkMethod.invokeExplosively(FrameworkMethod.java:44) [junit-4.11.jar:na]
	at org.junit.internal.runners.statements.InvokeMethod.evaluate(InvokeMethod.java:17) [junit-4.11.jar:na]
	at org.junit.internal.runners.statements.RunBefores.evaluate(RunBefores.java:26) [junit-4.11.jar:na]
	at org.junit.internal.runners.statements.RunAfters.evaluate(RunAfters.java:27) [junit-4.11.jar:na]
	at org.junit.runners.ParentRunner.runLeaf(ParentRunner.java:271) [junit-4.11.jar:na]
	at org.junit.runners.BlockJUnit4ClassRunner.runChild(BlockJUnit4ClassRunner.java:70) [junit-4.11.jar:na]
	at org.junit.runners.BlockJUnit4ClassRunner.runChild(BlockJUnit4ClassRunner.java:50) [junit-4.11.jar:na]
	at org.junit.runners.ParentRunner$3.run(ParentRunner.java:238) [junit-4.11.jar:na]
	at org.junit.runners.ParentRunner$1.schedule(ParentRunner.java:63) [junit-4.11.jar:na]
	at org.junit.runners.ParentRunner.runChildren(ParentRunner.java:236) [junit-4.11.jar:na]
	at org.junit.runners.ParentRunner.access$000(ParentRunner.java:53) [junit-4.11.jar:na]
	at org.junit.runners.ParentRunner$2.evaluate(ParentRunner.java:229) [junit-4.11.jar:na]
	at org.junit.runners.ParentRunner.run(ParentRunner.java:309) [junit-4.11.jar:na]
	at org.apache.maven.surefire.junit4.JUnit4Provider.execute(JUnit4Provider.java:252) [surefire-junit4-2.12.4.jar:2.12.4]
	at org.apache.maven.surefire.junit4.JUnit4Provider.executeTestSet(JUnit4Provider.java:141) [surefire-junit4-2.12.4.jar:2.12.4]
	at org.apache.maven.surefire.junit4.JUnit4Provider.invoke(JUnit4Provider.java:112) [surefire-junit4-2.12.4.jar:2.12.4]
	at sun.reflect.NativeMethodAccessorImpl.invoke0(Native Method) ~[na:1.8.0_65]
	at sun.reflect.NativeMethodAccessorImpl.invoke(NativeMethodAccessorImpl.java:62) ~[na:1.8.0_65]
	at sun.reflect.DelegatingMethodAccessorImpl.invoke(DelegatingMethodAccessorImpl.java:43) ~[na:1.8.0_65]
	at java.lang.reflect.Method.invoke(Method.java:497) ~[na:1.8.0_65]
	at org.apache.maven.surefire.util.ReflectionUtils.invokeMethodWithArray(ReflectionUtils.java:189) [surefire-api-2.12.4.jar:2.12.4]
	at org.apache.maven.surefire.booter.ProviderFactory$ProviderProxy.invoke(ProviderFactory.java:165) [surefire-booter-2.12.4.jar:2.12.4]
	at org.apache.maven.surefire.booter.ProviderFactory.invokeProvider(ProviderFactory.java:85) [surefire-booter-2.12.4.jar:2.12.4]
	at org.apache.maven.surefire.booter.ForkedBooter.runSuitesInProcess(ForkedBooter.java:115) [surefire-booter-2.12.4.jar:2.12.4]
	at org.apache.maven.surefire.booter.ForkedBooter.main(ForkedBooter.java:75) [surefire-booter-2.12.4.jar:2.12.4]
14:19:19.470 [main] INFO  o.a.http.impl.execchain.RetryExec - Retrying request to {}-&gt;http://192.168.90.102:80
14:19:19.470 [main] DEBUG o.a.h.c.protocol.RequestAddCookies - CookieSpec selected: best-match
14:19:19.470 [main] DEBUG o.a.h.c.protocol.RequestAuthCache - Auth cache not set in the context
14:19:19.471 [main] DEBUG o.a.h.i.c.PoolingHttpClientConnectionManager - Connection request: [route: {}-&gt;http://192.168.90.102:80][total kept alive: 0; route allocated: 0 of 2; total allocated: 0 of 20]
14:19:19.471 [main] DEBUG o.a.h.i.c.PoolingHttpClientConnectionManager - Connection leased: [id: 18][route: {}-&gt;http://192.168.90.102:80][total kept alive: 0; route allocated: 1 of 2; total allocated: 1 of 20]
14:19:19.471 [main] DEBUG o.a.h.impl.execchain.MainClientExec - Opening connection {}-&gt;http://192.168.90.102:80
14:19:19.471 [main] DEBUG o.a.h.i.c.HttpClientConnectionOperator - Connecting to /192.168.90.102:80
14:19:19.483 [main] DEBUG o.a.h.i.c.DefaultManagedHttpClientConnection - http-outgoing-18: Shutdown connection
14:19:19.483 [main] DEBUG o.a.h.impl.execchain.MainClientExec - Connection discarded
14:19:19.483 [main] DEBUG o.a.h.i.c.DefaultManagedHttpClientConnection - http-outgoing-18: Close connection
14:19:19.483 [main] DEBUG o.a.h.i.c.PoolingHttpClientConnectionManager - Connection released: [id: 18][route: {}-&gt;http://192.168.90.102:80][total kept alive: 0; route allocated: 0 of 2; total allocated: 0 of 20]
14:19:19.483 [main] INFO  o.a.http.impl.execchain.RetryExec - I/O exception (java.net.SocketException) caught when processing request to {}-&gt;http://192.168.90.102:80: Network is unreachable: connect
14:19:19.487 [main] DEBUG o.a.http.impl.execchain.RetryExec - Network is unreachable: connect
java.net.SocketException: Network is unreachable: connect
	at java.net.DualStackPlainSocketImpl.connect0(Native Method) ~[na:1.8.0_65]
	at java.net.DualStackPlainSocketImpl.socketConnect(DualStackPlainSocketImpl.java:79) ~[na:1.8.0_65]
	at java.net.AbstractPlainSocketImpl.doConnect(AbstractPlainSocketImpl.java:350) ~[na:1.8.0_65]
	at java.net.AbstractPlainSocketImpl.connectToAddress(AbstractPlainSocketImpl.java:206) ~[na:1.8.0_65]
	at java.net.AbstractPlainSocketImpl.connect(AbstractPlainSocketImpl.java:188) ~[na:1.8.0_65]
	at java.net.PlainSocketImpl.connect(PlainSocketImpl.java:172) ~[na:1.8.0_65]
	at java.net.SocksSocketImpl.connect(SocksSocketImpl.java:392) ~[na:1.8.0_65]
	at java.net.Socket.connect(Socket.java:589) ~[na:1.8.0_65]
	at org.apache.http.conn.socket.PlainConnectionSocketFactory.connectSocket(PlainConnectionSocketFactory.java:72) ~[httpclient-4.3.6.jar:4.3.6]
	at org.apache.http.impl.conn.HttpClientConnectionOperator.connect(HttpClientConnectionOperator.java:125) ~[httpclient-4.3.6.jar:4.3.6]
	at org.apache.http.impl.conn.PoolingHttpClientConnectionManager.connect(PoolingHttpClientConnectionManager.java:319) ~[httpclient-4.3.6.jar:4.3.6]
	at org.apache.http.impl.execchain.MainClientExec.establishRoute(MainClientExec.java:363) ~[httpclient-4.3.6.jar:4.3.6]
	at org.apache.http.impl.execchain.MainClientExec.execute(MainClientExec.java:219) ~[httpclient-4.3.6.jar:4.3.6]
	at org.apache.http.impl.execchain.ProtocolExec.execute(ProtocolExec.java:195) ~[httpclient-4.3.6.jar:4.3.6]
	at org.apache.http.impl.execchain.RetryExec.execute(RetryExec.java:86) ~[httpclient-4.3.6.jar:4.3.6]
	at org.apache.http.impl.execchain.RedirectExec.execute(RedirectExec.java:108) [httpclient-4.3.6.jar:4.3.6]
	at org.apache.http.impl.client.InternalHttpClient.doExecute(InternalHttpClient.java:184) [httpclient-4.3.6.jar:4.3.6]
	at org.apache.http.impl.client.CloseableHttpClient.execute(CloseableHttpClient.java:82) [httpclient-4.3.6.jar:4.3.6]
	at org.apache.http.impl.client.CloseableHttpClient.execute(CloseableHttpClient.java:106) [httpclient-4.3.6.jar:4.3.6]
	at io.github.hengyunabc.zabbix.api.DefaultZabbixApi.call(DefaultZabbixApi.java:142) [classes/:na]
	at io.github.hengyunabc.zabbix.api.DefaultZabbixApi.login(DefaultZabbixApi.java:74) [classes/:na]
	at io.github.hengyunabc.zabbix.api.test.DefaultZabbixApiTest.testItemCreate(DefaultZabbixApiTest.java:75) [test-classes/:na]
	at sun.reflect.NativeMethodAccessorImpl.invoke0(Native Method) ~[na:1.8.0_65]
	at sun.reflect.NativeMethodAccessorImpl.invoke(NativeMethodAccessorImpl.java:62) ~[na:1.8.0_65]
	at sun.reflect.DelegatingMethodAccessorImpl.invoke(DelegatingMethodAccessorImpl.java:43) ~[na:1.8.0_65]
	at java.lang.reflect.Method.invoke(Method.java:497) ~[na:1.8.0_65]
	at org.junit.runners.model.FrameworkMethod$1.runReflectiveCall(FrameworkMethod.java:47) [junit-4.11.jar:na]
	at org.junit.internal.runners.model.ReflectiveCallable.run(ReflectiveCallable.java:12) [junit-4.11.jar:na]
	at org.junit.runners.model.FrameworkMethod.invokeExplosively(FrameworkMethod.java:44) [junit-4.11.jar:na]
	at org.junit.internal.runners.statements.InvokeMethod.evaluate(InvokeMethod.java:17) [junit-4.11.jar:na]
	at org.junit.internal.runners.statements.RunBefores.evaluate(RunBefores.java:26) [junit-4.11.jar:na]
	at org.junit.internal.runners.statements.RunAfters.evaluate(RunAfters.java:27) [junit-4.11.jar:na]
	at org.junit.runners.ParentRunner.runLeaf(ParentRunner.java:271) [junit-4.11.jar:na]
	at org.junit.runners.BlockJUnit4ClassRunner.runChild(BlockJUnit4ClassRunner.java:70) [junit-4.11.jar:na]
	at org.junit.runners.BlockJUnit4ClassRunner.runChild(BlockJUnit4ClassRunner.java:50) [junit-4.11.jar:na]
	at org.junit.runners.ParentRunner$3.run(ParentRunner.java:238) [junit-4.11.jar:na]
	at org.junit.runners.ParentRunner$1.schedule(ParentRunner.java:63) [junit-4.11.jar:na]
	at org.junit.runners.ParentRunner.runChildren(ParentRunner.java:236) [junit-4.11.jar:na]
	at org.junit.runners.ParentRunner.access$000(ParentRunner.java:53) [junit-4.11.jar:na]
	at org.junit.runners.ParentRunner$2.evaluate(ParentRunner.java:229) [junit-4.11.jar:na]
	at org.junit.runners.ParentRunner.run(ParentRunner.java:309) [junit-4.11.jar:na]
	at org.apache.maven.surefire.junit4.JUnit4Provider.execute(JUnit4Provider.java:252) [surefire-junit4-2.12.4.jar:2.12.4]
	at org.apache.maven.surefire.junit4.JUnit4Provider.executeTestSet(JUnit4Provider.java:141) [surefire-junit4-2.12.4.jar:2.12.4]
	at org.apache.maven.surefire.junit4.JUnit4Provider.invoke(JUnit4Provider.java:112) [surefire-junit4-2.12.4.jar:2.12.4]
	at sun.reflect.NativeMethodAccessorImpl.invoke0(Native Method) ~[na:1.8.0_65]
	at sun.reflect.NativeMethodAccessorImpl.invoke(NativeMethodAccessorImpl.java:62) ~[na:1.8.0_65]
	at sun.reflect.DelegatingMethodAccessorImpl.invoke(DelegatingMethodAccessorImpl.java:43) ~[na:1.8.0_65]
	at java.lang.reflect.Method.invoke(Method.java:497) ~[na:1.8.0_65]
	at org.apache.maven.surefire.util.ReflectionUtils.invokeMethodWithArray(ReflectionUtils.java:189) [surefire-api-2.12.4.jar:2.12.4]
	at org.apache.maven.surefire.booter.ProviderFactory$ProviderProxy.invoke(ProviderFactory.java:165) [surefire-booter-2.12.4.jar:2.12.4]
	at org.apache.maven.surefire.booter.ProviderFactory.invokeProvider(ProviderFactory.java:85) [surefire-booter-2.12.4.jar:2.12.4]
	at org.apache.maven.surefire.booter.ForkedBooter.runSuitesInProcess(ForkedBooter.java:115) [surefire-booter-2.12.4.jar:2.12.4]
	at org.apache.maven.surefire.booter.ForkedBooter.main(ForkedBooter.java:75) [surefire-booter-2.12.4.jar:2.12.4]
14:19:19.489 [main] INFO  o.a.http.impl.execchain.RetryExec - Retrying request to {}-&gt;http://192.168.90.102:80
14:19:19.489 [main] DEBUG o.a.h.c.protocol.RequestAddCookies - CookieSpec selected: best-match
14:19:19.490 [main] DEBUG o.a.h.c.protocol.RequestAuthCache - Auth cache not set in the context
14:19:19.490 [main] DEBUG o.a.h.i.c.PoolingHttpClientConnectionManager - Connection request: [route: {}-&gt;http://192.168.90.102:80][total kept alive: 0; route allocated: 0 of 2; total allocated: 0 of 20]
14:19:19.490 [main] DEBUG o.a.h.i.c.PoolingHttpClientConnectionManager - Connection leased: [id: 19][route: {}-&gt;http://192.168.90.102:80][total kept alive: 0; route allocated: 1 of 2; total allocated: 1 of 20]
14:19:19.490 [main] DEBUG o.a.h.impl.execchain.MainClientExec - Opening connection {}-&gt;http://192.168.90.102:80
14:19:19.490 [main] DEBUG o.a.h.i.c.HttpClientConnectionOperator - Connecting to /192.168.90.102:80
14:19:19.514 [main] DEBUG o.a.h.i.c.DefaultManagedHttpClientConnection - http-outgoing-19: Shutdown connection
14:19:19.514 [main] DEBUG o.a.h.impl.execchain.MainClientExec - Connection discarded
14:19:19.514 [main] DEBUG o.a.h.i.c.DefaultManagedHttpClientConnection - http-outgoing-19: Close connection
14:19:19.514 [main] DEBUG o.a.h.i.c.PoolingHttpClientConnectionManager - Connection released: [id: 19][route: {}-&gt;http://192.168.90.102:80][total kept alive: 0; route allocated: 0 of 2; total allocated: 0 of 20]
14:19:19.514 [main] DEBUG o.a.h.i.c.PoolingHttpClientConnectionManager - Connection manager is shutting down
14:19:19.514 [main] DEBUG o.a.h.i.c.PoolingHttpClientConnectionManager - Connection manager shut down
</system-out>
  </testcase>
</testsuite>